TN:
SF:src/supabase.ts
FNF:0
FNH:0
DA:1,0
DA:2,0
DA:4,0
DA:6,0
DA:7,0
DA:9,0
DA:10,0
DA:13,0
DA:21,0
LF:9
LH:0
BRDA:6,0,0,0
BRDA:6,0,1,0
BRDA:7,1,0,0
BRDA:7,1,1,0
BRDA:9,2,0,0
BRDA:9,3,0,0
BRDA:9,3,1,0
BRF:7
BRH:0
end_of_record
TN:
SF:src/types.ts
FN:5,(anonymous_0)
FN:15,(anonymous_1)
FN:23,(anonymous_2)
FN:31,(anonymous_3)
FN:40,(anonymous_4)
FN:47,(anonymous_5)
FN:56,(anonymous_6)
FN:63,(anonymous_7)
FN:68,(anonymous_8)
FN:275,(anonymous_9)
FN:286,(anonymous_10)
FN:291,(anonymous_11)
FN:297,(anonymous_12)
FNF:13
FNH:0
FNDA:0,(anonymous_0)
FNDA:0,(anonymous_1)
FNDA:0,(anonymous_2)
FNDA:0,(anonymous_3)
FNDA:0,(anonymous_4)
FNDA:0,(anonymous_5)
FNDA:0,(anonymous_6)
FNDA:0,(anonymous_7)
FNDA:0,(anonymous_8)
FNDA:0,(anonymous_9)
FNDA:0,(anonymous_10)
FNDA:0,(anonymous_11)
FNDA:0,(anonymous_12)
DA:5,0
DA:6,0
DA:7,0
DA:8,0
DA:9,0
DA:10,0
DA:11,0
DA:12,0
DA:15,0
DA:16,0
DA:17,0
DA:18,0
DA:19,0
DA:20,0
DA:23,0
DA:24,0
DA:25,0
DA:26,0
DA:27,0
DA:28,0
DA:31,0
DA:32,0
DA:33,0
DA:34,0
DA:35,0
DA:36,0
DA:37,0
DA:40,0
DA:41,0
DA:42,0
DA:43,0
DA:44,0
DA:47,0
DA:48,0
DA:49,0
DA:50,0
DA:51,0
DA:52,0
DA:53,0
DA:56,0
DA:57,0
DA:58,0
DA:59,0
DA:60,0
DA:63,0
DA:64,0
DA:65,0
DA:68,0
DA:69,0
DA:70,0
DA:71,0
DA:72,0
DA:73,0
DA:74,0
DA:275,0
DA:276,0
DA:277,0
DA:278,0
DA:279,0
DA:280,0
DA:281,0
DA:282,0
DA:283,0
DA:286,0
DA:287,0
DA:288,0
DA:291,0
DA:292,0
DA:293,0
DA:294,0
DA:297,0
DA:298,0
DA:299,0
DA:300,0
DA:301,0
DA:302,0
DA:303,0
DA:304,0
DA:305,0
DA:306,0
DA:307,0
DA:308,0
DA:309,0
DA:310,0
DA:311,0
DA:312,0
DA:313,0
DA:314,0
DA:315,0
DA:316,0
DA:317,0
DA:318,0
DA:319,0
DA:320,0
DA:321,0
DA:322,0
DA:323,0
DA:324,0
DA:325,0
DA:326,0
DA:327,0
DA:328,0
DA:329,0
DA:330,0
DA:331,0
DA:332,0
DA:333,0
DA:334,0
DA:335,0
DA:336,0
DA:337,0
DA:338,0
DA:339,0
DA:340,0
DA:341,0
DA:342,0
DA:343,0
DA:344,0
DA:345,0
DA:346,0
DA:347,0
LF:121
LH:0
BRDA:5,0,0,0
BRDA:5,0,1,0
BRDA:15,1,0,0
BRDA:15,1,1,0
BRDA:23,2,0,0
BRDA:23,2,1,0
BRDA:31,3,0,0
BRDA:31,3,1,0
BRDA:40,4,0,0
BRDA:40,4,1,0
BRDA:47,5,0,0
BRDA:47,5,1,0
BRDA:56,6,0,0
BRDA:56,6,1,0
BRDA:63,7,0,0
BRDA:63,7,1,0
BRDA:68,8,0,0
BRDA:68,8,1,0
BRDA:275,9,0,0
BRDA:275,9,1,0
BRDA:286,10,0,0
BRDA:286,10,1,0
BRDA:291,11,0,0
BRDA:291,11,1,0
BRDA:297,12,0,0
BRDA:297,12,1,0
BRF:26
BRH:0
end_of_record
TN:
SF:src/api/index.ts
FNF:0
FNH:0
DA:1,0
DA:2,0
DA:4,0
DA:6,0
DA:8,0
LF:5
LH:0
BRF:0
BRH:0
end_of_record
TN:
SF:src/api/simulate-payment.ts
FN:7,(anonymous_1)
FNF:1
FNH:0
FNDA:0,(anonymous_1)
DA:1,0
DA:2,0
DA:4,0
DA:7,0
DA:8,0
DA:9,0
DA:10,0
DA:11,0
DA:12,0
DA:16,0
DA:17,0
DA:18,0
DA:19,0
DA:23,0
DA:38,0
DA:48,0
DA:49,0
DA:50,0
DA:51,0
DA:53,0
DA:55,0
DA:56,0
DA:60,0
LF:23
LH:0
BRDA:10,0,0,0
BRDA:10,1,0,0
BRDA:10,1,1,0
BRDA:17,2,0,0
BRDA:49,3,0,0
BRDA:56,4,0,0
BRDA:56,4,1,0
BRF:7
BRH:0
end_of_record
TN:
SF:src/api/qbo/status.ts
FN:6,(anonymous_0)
FNF:1
FNH:0
FNDA:0,(anonymous_0)
DA:1,0
DA:2,0
DA:4,0
DA:6,0
DA:7,0
DA:8,0
DA:9,0
DA:11,0
DA:12,0
DA:16,0
LF:10
LH:0
BRF:0
BRH:0
end_of_record
TN:
SF:src/config/index.ts
FNF:0
FNH:0
DA:1,0
LF:1
LH:0
BRDA:2,0,0,0
BRDA:2,0,1,0
BRDA:4,1,0,0
BRDA:4,1,1,0
BRDA:5,2,0,0
BRDA:5,2,1,0
BRF:6
BRH:0
end_of_record
TN:
SF:src/config/stripe.ts
FNF:0
FNH:0
DA:1,0
DA:3,0
DA:4,0
DA:7,0
LF:4
LH:0
BRDA:3,0,0,0
BRF:1
BRH:0
end_of_record
TN:
SF:src/controllers/authController.ts
FN:25,(anonymous_1)
FN:38,(anonymous_2)
FN:63,(anonymous_3)
FN:87,(anonymous_4)
FN:136,(anonymous_5)
FN:154,(anonymous_6)
FN:180,(anonymous_7)
FN:186,(anonymous_8)
FN:202,(anonymous_9)
FN:226,(anonymous_10)
FN:262,(anonymous_11)
FN:299,(anonymous_12)
FN:325,(anonymous_13)
FN:355,(anonymous_14)
FN:376,(anonymous_15)
FNF:15
FNH:0
FNDA:0,(anonymous_1)
FNDA:0,(anonymous_2)
FNDA:0,(anonymous_3)
FNDA:0,(anonymous_4)
FNDA:0,(anonymous_5)
FNDA:0,(anonymous_6)
FNDA:0,(anonymous_7)
FNDA:0,(anonymous_8)
FNDA:0,(anonymous_9)
FNDA:0,(anonymous_10)
FNDA:0,(anonymous_11)
FNDA:0,(anonymous_12)
FNDA:0,(anonymous_13)
FNDA:0,(anonymous_14)
FNDA:0,(anonymous_15)
DA:3,0
DA:10,0
DA:22,0
DA:26,0
DA:27,0
DA:42,0
DA:43,0
DA:45,0
DA:46,0
DA:49,0
DA:50,0
DA:67,0
DA:68,0
DA:70,0
DA:71,0
DA:74,0
DA:75,0
DA:88,0
DA:89,0
DA:90,0
DA:91,0
DA:92,0
DA:96,0
DA:97,0
DA:98,0
DA:99,0
DA:101,0
DA:104,0
DA:105,0
DA:107,0
DA:108,0
DA:109,0
DA:110,0
DA:115,0
DA:120,0
DA:121,0
DA:140,0
DA:141,0
DA:142,0
DA:143,0
DA:158,0
DA:159,0
DA:160,0
DA:162,0
DA:165,0
DA:168,0
DA:184,0
DA:185,0
DA:186,0
DA:189,0
DA:190,0
DA:206,0
DA:207,0
DA:208,0
DA:209,0
DA:210,0
DA:213,0
DA:214,0
DA:230,0
DA:231,0
DA:232,0
DA:235,0
DA:237,0
DA:238,0
DA:246,0
DA:248,0
DA:266,0
DA:267,0
DA:269,0
DA:270,0
DA:273,0
DA:275,0
DA:283,0
DA:285,0
DA:303,0
DA:304,0
DA:305,0
DA:308,0
DA:310,0
DA:312,0
DA:313,0
DA:329,0
DA:330,0
DA:331,0
DA:334,0
DA:336,0
DA:337,0
DA:339,0
DA:359,0
DA:360,0
DA:361,0
DA:363,0
DA:365,0
DA:370,0
DA:371,0
DA:380,0
DA:382,0
DA:383,0
DA:384,0
DA:385,0
DA:386,0
DA:387,0
DA:388,0
DA:389,0
DA:390,0
DA:391,0
DA:393,0
LF:107
LH:0
BRDA:89,0,0,0
BRDA:89,0,1,0
BRDA:90,1,0,0
BRDA:97,2,0,0
BRDA:107,3,0,0
BRDA:107,4,0,0
BRDA:107,4,1,0
BRDA:108,5,0,0
BRDA:108,5,1,0
BRDA:109,6,0,0
BRDA:269,7,0,0
BRDA:382,8,0,0
BRDA:382,8,1,0
BRDA:384,9,0,0
BRDA:384,9,1,0
BRDA:386,10,0,0
BRDA:386,10,1,0
BRDA:388,11,0,0
BRDA:388,11,1,0
BRDA:390,12,0,0
BRDA:390,12,1,0
BRF:21
BRH:0
end_of_record
TN:
SF:src/controllers/clientController.ts
FN:17,(anonymous_0)
FN:29,(anonymous_1)
FN:40,(anonymous_2)
FN:56,(anonymous_3)
FN:85,(anonymous_4)
FN:118,(anonymous_5)
FN:163,(anonymous_6)
FN:232,(anonymous_7)
FN:254,(anonymous_8)
FNF:9
FNH:0
FNDA:0,(anonymous_0)
FNDA:0,(anonymous_1)
FNDA:0,(anonymous_2)
FNDA:0,(anonymous_3)
FNDA:0,(anonymous_4)
FNDA:0,(anonymous_5)
FNDA:0,(anonymous_6)
FNDA:0,(anonymous_7)
FNDA:0,(anonymous_8)
DA:2,0
DA:14,0
DA:18,0
DA:30,0
DA:31,0
DA:32,0
DA:34,0
DA:38,0
DA:40,0
DA:42,0
DA:43,0
DA:44,0
DA:60,0
DA:61,0
DA:62,0
DA:63,0
DA:64,0
DA:66,0
DA:69,0
DA:71,0
DA:72,0
DA:86,0
DA:87,0
DA:88,0
DA:90,0
DA:91,0
DA:92,0
DA:95,0
DA:99,0
DA:101,0
DA:102,0
DA:103,0
DA:122,0
DA:123,0
DA:125,0
DA:126,0
DA:127,0
DA:130,0
DA:132,0
DA:134,0
DA:150,0
DA:151,0
DA:167,0
DA:168,0
DA:170,0
DA:180,0
DA:181,0
DA:182,0
DA:186,0
DA:187,0
DA:188,0
DA:189,0
DA:190,0
DA:193,0
DA:200,0
DA:201,0
DA:206,0
DA:208,0
DA:225,0
DA:226,0
DA:227,0
DA:236,0
DA:238,0
DA:239,0
DA:240,0
DA:241,0
DA:242,0
DA:243,0
DA:244,0
DA:245,0
DA:246,0
DA:247,0
DA:249,0
DA:255,0
LF:74
LH:0
BRDA:34,0,0,0
BRDA:34,0,1,0
BRDA:43,1,0,0
BRDA:71,2,0,0
BRDA:90,3,0,0
BRDA:95,4,0,0
BRDA:95,4,1,0
BRDA:102,5,0,0
BRDA:125,6,0,0
BRDA:125,7,0,0
BRDA:125,7,1,0
BRDA:180,8,0,0
BRDA:187,9,0,0
BRDA:238,10,0,0
BRDA:238,10,1,0
BRDA:240,11,0,0
BRDA:240,11,1,0
BRDA:242,12,0,0
BRDA:242,12,1,0
BRDA:244,13,0,0
BRDA:244,13,1,0
BRDA:246,14,0,0
BRDA:246,14,1,0
BRF:23
BRH:0
end_of_record
TN:
SF:src/controllers/contractController.ts
FN:17,(anonymous_0)
FN:24,(anonymous_1)
FN:58,(anonymous_2)
FN:84,(anonymous_3)
FN:90,(anonymous_4)
FN:109,(anonymous_5)
FN:136,(anonymous_6)
FN:165,(anonymous_7)
FN:196,(anonymous_8)
FN:230,(anonymous_9)
FN:252,(anonymous_10)
FNF:11
FNH:0
FNDA:0,(anonymous_0)
FNDA:0,(anonymous_1)
FNDA:0,(anonymous_2)
FNDA:0,(anonymous_3)
FNDA:0,(anonymous_4)
FNDA:0,(anonymous_5)
FNDA:0,(anonymous_6)
FNDA:0,(anonymous_7)
FNDA:0,(anonymous_8)
FNDA:0,(anonymous_9)
FNDA:0,(anonymous_10)
DA:2,0
DA:14,0
DA:18,0
DA:28,0
DA:29,0
DA:31,0
DA:32,0
DA:36,0
DA:46,0
DA:48,0
DA:49,0
DA:50,0
DA:59,0
DA:60,0
DA:61,0
DA:63,0
DA:65,0
DA:66,0
DA:67,0
DA:69,0
DA:70,0
DA:71,0
DA:88,0
DA:89,0
DA:90,0
DA:93,0
DA:95,0
DA:96,0
DA:113,0
DA:115,0
DA:116,0
DA:117,0
DA:120,0
DA:122,0
DA:123,0
DA:140,0
DA:141,0
DA:142,0
DA:144,0
DA:145,0
DA:146,0
DA:149,0
DA:151,0
DA:152,0
DA:169,0
DA:170,0
DA:171,0
DA:173,0
DA:174,0
DA:176,0
DA:178,0
DA:181,0
DA:183,0
DA:184,0
DA:200,0
DA:201,0
DA:202,0
DA:204,0
DA:207,0
DA:209,0
DA:210,0
DA:211,0
DA:214,0
DA:215,0
DA:218,0
DA:221,0
DA:223,0
DA:224,0
DA:234,0
DA:236,0
DA:237,0
DA:238,0
DA:239,0
DA:240,0
DA:241,0
DA:242,0
DA:243,0
DA:244,0
DA:245,0
DA:247,0
DA:253,0
LF:81
LH:0
BRDA:31,0,0,0
BRDA:31,1,0,0
BRDA:31,1,1,0
BRDA:31,1,2,0
BRDA:49,2,0,0
BRDA:61,3,0,0
BRDA:70,4,0,0
BRDA:95,5,0,0
BRDA:122,6,0,0
BRDA:151,7,0,0
BRDA:173,8,0,0
BRDA:174,9,0,0
BRDA:183,10,0,0
BRDA:204,11,0,0
BRDA:207,12,0,0
BRDA:207,12,1,0
BRDA:209,13,0,0
BRDA:209,13,1,0
BRDA:223,14,0,0
BRDA:236,15,0,0
BRDA:236,15,1,0
BRDA:238,16,0,0
BRDA:238,16,1,0
BRDA:240,17,0,0
BRDA:240,17,1,0
BRDA:242,18,0,0
BRDA:242,18,1,0
BRDA:244,19,0,0
BRDA:244,19,1,0
BRF:29
BRH:0
end_of_record
TN:
SF:src/controllers/emailController.ts
FN:7,(anonymous_0)
FN:11,(anonymous_1)
FN:42,(anonymous_2)
FNF:3
FNH:0
FNDA:0,(anonymous_0)
FNDA:0,(anonymous_1)
FNDA:0,(anonymous_2)
DA:2,0
DA:4,0
DA:8,0
DA:12,0
DA:13,0
DA:15,0
DA:16,0
DA:20,0
DA:23,0
DA:29,0
DA:34,0
DA:35,0
DA:43,0
DA:44,0
DA:46,0
DA:47,0
DA:48,0
DA:52,0
DA:55,0
DA:62,0
DA:67,0
DA:68,0
DA:73,0
LF:23
LH:0
BRDA:15,0,0,0
BRDA:15,1,0,0
BRDA:15,1,1,0
BRDA:15,1,2,0
BRDA:37,2,0,0
BRDA:37,2,1,0
BRDA:46,3,0,0
BRDA:46,4,0,0
BRDA:46,4,1,0
BRDA:46,4,2,0
BRDA:46,4,3,0
BRDA:75,5,0,0
BRDA:75,5,1,0
BRF:13
BRH:0
end_of_record
TN:
SF:src/controllers/paymentController.ts
FN:22,(anonymous_0)
FN:54,(anonymous_1)
FN:87,(anonymous_2)
FN:120,(anonymous_3)
FN:148,(anonymous_4)
FNF:5
FNH:0
FNDA:0,(anonymous_0)
FNDA:0,(anonymous_1)
FNDA:0,(anonymous_2)
FNDA:0,(anonymous_3)
FNDA:0,(anonymous_4)
DA:2,0
DA:3,0
DA:5,0
DA:8,0
DA:12,0
DA:17,0
DA:23,0
DA:24,0
DA:25,0
DA:28,0
DA:29,0
DA:33,0
DA:36,0
DA:41,0
DA:46,0
DA:47,0
DA:55,0
DA:56,0
DA:57,0
DA:60,0
DA:61,0
DA:65,0
DA:68,0
DA:74,0
DA:79,0
DA:80,0
DA:88,0
DA:89,0
DA:90,0
DA:93,0
DA:94,0
DA:98,0
DA:101,0
DA:107,0
DA:112,0
DA:113,0
DA:121,0
DA:122,0
DA:125,0
DA:126,0
DA:130,0
DA:133,0
DA:135,0
DA:140,0
DA:141,0
DA:149,0
DA:151,0
DA:152,0
DA:156,0
DA:159,0
DA:161,0
DA:166,0
DA:167,0
DA:175,0
LF:54
LH:0
BRDA:28,0,0,0
BRDA:28,1,0,0
BRDA:28,1,1,0
BRDA:60,2,0,0
BRDA:60,3,0,0
BRDA:60,3,1,0
BRDA:93,4,0,0
BRDA:93,5,0,0
BRDA:93,5,1,0
BRDA:125,6,0,0
BRDA:125,7,0,0
BRDA:125,7,1,0
BRDA:151,8,0,0
BRF:13
BRH:0
end_of_record
TN:
SF:src/controllers/quickbooksController.ts
FN:20,(anonymous_1)
FN:33,(anonymous_2)
FN:46,(anonymous_3)
FN:66,(anonymous_4)
FN:78,(anonymous_5)
FN:90,(anonymous_6)
FN:103,(anonymous_7)
FN:118,(anonymous_8)
FN:131,(anonymous_9)
FNF:9
FNH:0
FNDA:0,(anonymous_1)
FNDA:0,(anonymous_2)
FNDA:0,(anonymous_3)
FNDA:0,(anonymous_4)
FNDA:0,(anonymous_5)
FNDA:0,(anonymous_6)
FNDA:0,(anonymous_7)
FNDA:0,(anonymous_8)
FNDA:0,(anonymous_9)
DA:3,0
DA:9,0
DA:10,0
DA:11,0
DA:13,0
DA:15,0
DA:20,0
DA:21,0
DA:22,0
DA:23,0
DA:24,0
DA:26,0
DA:33,0
DA:34,0
DA:35,0
DA:36,0
DA:37,0
DA:39,0
DA:46,0
DA:47,0
DA:48,0
DA:49,0
DA:50,0
DA:59,0
DA:66,0
DA:67,0
DA:68,0
DA:69,0
DA:71,0
DA:78,0
DA:79,0
DA:80,0
DA:81,0
DA:83,0
DA:90,0
DA:91,0
DA:92,0
DA:93,0
DA:94,0
DA:96,0
DA:103,0
DA:104,0
DA:105,0
DA:106,0
DA:107,0
DA:108,0
DA:110,0
DA:111,0
DA:118,0
DA:119,0
DA:120,0
DA:121,0
DA:123,0
DA:131,0
DA:132,0
DA:133,0
DA:138,0
DA:139,0
DA:141,0
LF:59
LH:0
BRDA:138,0,0,0
BRF:1
BRH:0
end_of_record
TN:
SF:src/controllers/requestFormController.ts
FN:12,(anonymous_0)
FN:16,(anonymous_1)
FN:41,(anonymous_2)
FN:59,(anonymous_3)
FN:88,(anonymous_4)
FN:112,(anonymous_5)
FN:147,(anonymous_6)
FN:194,(anonymous_7)
FNF:8
FNH:0
FNDA:0,(anonymous_0)
FNDA:0,(anonymous_1)
FNDA:0,(anonymous_2)
FNDA:0,(anonymous_3)
FNDA:0,(anonymous_4)
FNDA:0,(anonymous_5)
FNDA:0,(anonymous_6)
FNDA:0,(anonymous_7)
DA:2,0
DA:4,0
DA:6,0
DA:7,0
DA:9,0
DA:13,0
DA:17,0
DA:18,0
DA:19,0
DA:20,0
DA:23,0
DA:24,0
DA:25,0
DA:28,0
DA:29,0
DA:31,0
DA:36,0
DA:37,0
DA:42,0
DA:43,0
DA:44,0
DA:45,0
DA:48,0
DA:49,0
DA:54,0
DA:55,0
DA:60,0
DA:61,0
DA:62,0
DA:63,0
DA:66,0
DA:67,0
DA:68,0
DA:69,0
DA:72,0
DA:73,0
DA:74,0
DA:75,0
DA:78,0
DA:83,0
DA:84,0
DA:89,0
DA:90,0
DA:91,0
DA:92,0
DA:96,0
DA:97,0
DA:98,0
DA:101,0
DA:102,0
DA:107,0
DA:108,0
DA:113,0
DA:114,0
DA:115,0
DA:116,0
DA:120,0
DA:121,0
DA:122,0
DA:125,0
DA:126,0
DA:127,0
DA:128,0
DA:131,0
DA:132,0
DA:133,0
DA:134,0
DA:137,0
DA:142,0
DA:143,0
DA:148,0
DA:149,0
DA:150,0
DA:151,0
DA:155,0
DA:156,0
DA:157,0
DA:160,0
DA:161,0
DA:163,0
DA:164,0
DA:165,0
DA:168,0
DA:169,0
DA:170,0
DA:173,0
DA:174,0
DA:175,0
DA:179,0
DA:182,0
DA:183,0
DA:188,0
DA:189,0
DA:195,0
DA:196,0
DA:197,0
DA:198,0
DA:200,0
DA:201,0
DA:204,0
DA:205,0
DA:208,0
DA:282,0
DA:404,0
DA:406,0
DA:411,0
DA:412,0
DA:414,0
DA:421,0
DA:440,0
DA:442,0
DA:446,0
DA:448,0
DA:449,0
LF:114
LH:0
BRDA:18,0,0,0
BRDA:23,1,0,0
BRDA:43,2,0,0
BRDA:61,3,0,0
BRDA:67,4,0,0
BRDA:73,5,0,0
BRDA:90,6,0,0
BRDA:96,7,0,0
BRDA:114,8,0,0
BRDA:120,9,0,0
BRDA:126,10,0,0
BRDA:132,11,0,0
BRDA:149,12,0,0
BRDA:155,13,0,0
BRDA:163,14,0,0
BRDA:168,15,0,0
BRDA:174,16,0,0
BRDA:196,17,0,0
BRDA:214,18,0,0
BRDA:214,18,1,0
BRDA:214,19,0,0
BRDA:214,19,1,0
BRDA:215,20,0,0
BRDA:215,20,1,0
BRDA:222,21,0,0
BRDA:222,21,1,0
BRDA:223,22,0,0
BRDA:223,22,1,0
BRDA:224,23,0,0
BRDA:224,23,1,0
BRDA:225,24,0,0
BRDA:225,24,1,0
BRDA:228,25,0,0
BRDA:228,25,1,0
BRDA:229,26,0,0
BRDA:229,26,1,0
BRDA:229,27,0,0
BRDA:229,27,1,0
BRDA:229,28,0,0
BRDA:229,28,1,0
BRDA:230,29,0,0
BRDA:230,29,1,0
BRDA:231,30,0,0
BRDA:231,30,1,0
BRDA:234,31,0,0
BRDA:234,31,1,0
BRDA:235,32,0,0
BRDA:235,32,1,0
BRDA:236,33,0,0
BRDA:236,33,1,0
BRDA:239,34,0,0
BRDA:239,34,1,0
BRDA:240,35,0,0
BRDA:240,35,1,0
BRDA:241,36,0,0
BRDA:241,36,1,0
BRDA:244,37,0,0
BRDA:244,37,1,0
BRDA:246,38,0,0
BRDA:246,38,1,0
BRDA:249,39,0,0
BRDA:249,39,1,0
BRDA:250,40,0,0
BRDA:250,40,1,0
BRDA:251,41,0,0
BRDA:251,41,1,0
BRDA:252,42,0,0
BRDA:252,42,1,0
BRDA:253,43,0,0
BRDA:253,43,1,0
BRDA:254,44,0,0
BRDA:254,44,1,0
BRDA:255,45,0,0
BRDA:255,45,1,0
BRDA:256,46,0,0
BRDA:256,46,1,0
BRDA:259,47,0,0
BRDA:259,47,1,0
BRDA:260,48,0,0
BRDA:260,48,1,0
BRDA:261,49,0,0
BRDA:261,49,1,0
BRDA:262,50,0,0
BRDA:262,50,1,0
BRDA:265,51,0,0
BRDA:265,51,1,0
BRDA:265,52,0,0
BRDA:265,52,1,0
BRDA:266,53,0,0
BRDA:266,53,1,0
BRDA:269,54,0,0
BRDA:269,54,1,0
BRDA:270,55,0,0
BRDA:270,55,1,0
BRDA:271,56,0,0
BRDA:271,56,1,0
BRDA:272,57,0,0
BRDA:272,57,1,0
BRDA:273,58,0,0
BRDA:273,58,1,0
BRDA:273,59,0,0
BRDA:273,59,1,0
BRDA:293,60,0,0
BRDA:293,60,1,0
BRDA:293,61,0,0
BRDA:293,61,1,0
BRDA:294,62,0,0
BRDA:294,62,1,0
BRDA:303,63,0,0
BRDA:303,63,1,0
BRDA:304,64,0,0
BRDA:304,64,1,0
BRDA:305,65,0,0
BRDA:305,65,1,0
BRDA:306,66,0,0
BRDA:306,66,1,0
BRDA:313,67,0,0
BRDA:313,67,1,0
BRDA:314,68,0,0
BRDA:314,68,1,0
BRDA:314,69,0,0
BRDA:314,69,1,0
BRDA:314,70,0,0
BRDA:314,70,1,0
BRDA:315,71,0,0
BRDA:315,71,1,0
BRDA:316,72,0,0
BRDA:316,72,1,0
BRDA:323,73,0,0
BRDA:323,73,1,0
BRDA:324,74,0,0
BRDA:324,74,1,0
BRDA:325,75,0,0
BRDA:325,75,1,0
BRDA:332,76,0,0
BRDA:332,76,1,0
BRDA:333,77,0,0
BRDA:333,77,1,0
BRDA:334,78,0,0
BRDA:334,78,1,0
BRDA:341,79,0,0
BRDA:341,79,1,0
BRDA:343,80,0,0
BRDA:343,80,1,0
BRDA:350,81,0,0
BRDA:350,81,1,0
BRDA:351,82,0,0
BRDA:351,82,1,0
BRDA:352,83,0,0
BRDA:352,83,1,0
BRDA:353,84,0,0
BRDA:353,84,1,0
BRDA:354,85,0,0
BRDA:354,85,1,0
BRDA:355,86,0,0
BRDA:355,86,1,0
BRDA:356,87,0,0
BRDA:356,87,1,0
BRDA:357,88,0,0
BRDA:357,88,1,0
BRDA:364,89,0,0
BRDA:364,89,1,0
BRDA:365,90,0,0
BRDA:365,90,1,0
BRDA:366,91,0,0
BRDA:366,91,1,0
BRDA:367,92,0,0
BRDA:367,92,1,0
BRDA:374,93,0,0
BRDA:374,93,1,0
BRDA:374,94,0,0
BRDA:374,94,1,0
BRDA:375,95,0,0
BRDA:375,95,1,0
BRDA:382,96,0,0
BRDA:382,96,1,0
BRDA:383,97,0,0
BRDA:383,97,1,0
BRDA:384,98,0,0
BRDA:384,98,1,0
BRDA:385,99,0,0
BRDA:385,99,1,0
BRDA:386,100,0,0
BRDA:386,100,1,0
BRDA:386,101,0,0
BRDA:386,101,1,0
BRF:186
BRH:0
end_of_record
TN:
SF:src/controllers/userController.ts
FN:10,(anonymous_0)
FN:14,(anonymous_1)
FN:25,(anonymous_2)
FN:28,(anonymous_3)
FN:33,(anonymous_4)
FN:36,(anonymous_5)
FN:42,(anonymous_6)
FN:51,(anonymous_7)
FN:64,(anonymous_8)
FN:80,(anonymous_9)
FN:97,(anonymous_10)
FN:118,(anonymous_11)
FN:135,(anonymous_12)
FNF:13
FNH:0
FNDA:0,(anonymous_0)
FNDA:0,(anonymous_1)
FNDA:0,(anonymous_2)
FNDA:0,(anonymous_3)
FNDA:0,(anonymous_4)
FNDA:0,(anonymous_5)
FNDA:0,(anonymous_6)
FNDA:0,(anonymous_7)
FNDA:0,(anonymous_8)
FNDA:0,(anonymous_9)
FNDA:0,(anonymous_10)
FNDA:0,(anonymous_11)
FNDA:0,(anonymous_12)
DA:2,0
DA:7,0
DA:11,0
DA:15,0
DA:16,0
DA:18,0
DA:19,0
DA:21,0
DA:26,0
DA:27,0
DA:28,0
DA:30,0
DA:34,0
DA:35,0
DA:36,0
DA:38,0
DA:43,0
DA:44,0
DA:45,0
DA:47,0
DA:52,0
DA:53,0
DA:54,0
DA:55,0
DA:56,0
DA:57,0
DA:58,0
DA:60,0
DA:65,0
DA:66,0
DA:67,0
DA:68,0
DA:69,0
DA:71,0
DA:72,0
DA:75,0
DA:76,0
DA:81,0
DA:82,0
DA:84,0
DA:85,0
DA:86,0
DA:89,0
DA:90,0
DA:92,0
DA:93,0
DA:98,0
DA:99,0
DA:100,0
DA:101,0
DA:104,0
DA:105,0
DA:106,0
DA:110,0
DA:112,0
DA:114,0
DA:119,0
DA:120,0
DA:122,0
DA:123,0
DA:124,0
DA:127,0
DA:128,0
DA:130,0
DA:131,0
DA:136,0
DA:138,0
DA:139,0
DA:140,0
DA:141,0
DA:142,0
DA:143,0
DA:144,0
DA:145,0
DA:146,0
DA:147,0
DA:149,0
LF:77
LH:0
BRDA:67,0,0,0
BRDA:67,0,1,0
BRDA:84,1,0,0
BRDA:84,2,0,0
BRDA:84,2,1,0
BRDA:84,2,2,0
BRDA:84,2,3,0
BRDA:104,3,0,0
BRDA:122,4,0,0
BRDA:122,5,0,0
BRDA:122,5,1,0
BRDA:122,5,2,0
BRDA:122,5,3,0
BRDA:138,6,0,0
BRDA:138,6,1,0
BRDA:140,7,0,0
BRDA:140,7,1,0
BRDA:142,8,0,0
BRDA:142,8,1,0
BRDA:144,9,0,0
BRDA:144,9,1,0
BRDA:146,10,0,0
BRDA:146,10,1,0
BRF:23
BRH:0
end_of_record
TN:
SF:src/db/checkTables.ts
FN:3,checkTables
FNF:1
FNH:0
FNDA:0,checkTables
DA:1,0
DA:4,0
DA:7,0
DA:12,0
DA:13,0
DA:14,0
DA:16,0
DA:20,0
DA:25,0
DA:26,0
DA:27,0
DA:29,0
DA:34,0
LF:13
LH:0
BRDA:13,0,0,0
BRDA:13,0,1,0
BRDA:26,1,0,0
BRDA:26,1,1,0
BRF:4
BRH:0
end_of_record
TN:
SF:src/db/setupStripeDb.ts
FN:3,setupStripeDb
FNF:1
FNH:0
FNDA:0,setupStripeDb
DA:1,0
DA:4,0
DA:64,0
DA:65,0
DA:66,0
DA:67,0
DA:69,0
DA:70,0
DA:75,0
LF:9
LH:0
BRDA:66,0,0,0
BRF:1
BRH:0
end_of_record
TN:
SF:src/domains/errors/AuthenticationError.ts
FN:4,(anonymous_0)
FNF:1
FNH:0
FNDA:0,(anonymous_0)
DA:1,0
DA:3,0
DA:5,0
DA:6,0
LF:4
LH:0
BRF:0
BRH:0
end_of_record
TN:
SF:src/domains/errors/AuthorizationError.ts
FN:4,(anonymous_0)
FNF:1
FNH:0
FNDA:0,(anonymous_0)
DA:1,0
DA:3,0
DA:5,0
DA:6,0
LF:4
LH:0
BRF:0
BRH:0
end_of_record
TN:
SF:src/domains/errors/ConflictError.ts
FN:4,(anonymous_0)
FNF:1
FNH:0
FNDA:0,(anonymous_0)
DA:1,0
DA:3,0
DA:5,0
DA:6,0
LF:4
LH:0
BRF:0
BRH:0
end_of_record
TN:
SF:src/domains/errors/DomainError.ts
FN:2,(anonymous_0)
FNF:1
FNH:0
FNDA:0,(anonymous_0)
DA:1,0
DA:3,0
DA:4,0
DA:6,0
LF:4
LH:0
BRF:0
BRH:0
end_of_record
TN:
SF:src/domains/errors/NotFoundError.ts
FN:4,(anonymous_0)
FNF:1
FNH:0
FNDA:0,(anonymous_0)
DA:1,0
DA:3,0
DA:5,0
DA:6,0
LF:4
LH:0
BRF:0
BRH:0
end_of_record
TN:
SF:src/domains/errors/ValidationError.ts
FN:4,(anonymous_0)
FNF:1
FNH:0
FNDA:0,(anonymous_0)
DA:1,0
DA:3,0
DA:5,0
DA:6,0
LF:4
LH:0
BRF:0
BRH:0
end_of_record
TN:
SF:src/domains/errors/index.ts
FNF:0
FNH:0
DA:2,0
DA:3,0
DA:4,0
DA:5,0
DA:6,0
DA:7,0
LF:6
LH:0
BRF:0
BRH:0
end_of_record
TN:
SF:src/entities/Activity.ts
FN:6,(anonymous_0)
FN:16,(anonymous_1)
FNF:2
FNH:0
FNDA:0,(anonymous_0)
FNDA:0,(anonymous_1)
DA:5,0
DA:7,0
DA:8,0
DA:9,0
DA:10,0
DA:11,0
DA:12,0
DA:13,0
DA:17,0
LF:9
LH:0
BRDA:12,0,0,0
BRF:1
BRH:0
end_of_record
TN:
SF:src/entities/Client.ts
FN:5,(anonymous_0)
FN:26,(anonymous_1)
FNF:2
FNH:0
FNDA:0,(anonymous_0)
FNDA:0,(anonymous_1)
DA:4,0
DA:6,0
DA:7,0
DA:8,0
DA:9,0
DA:10,0
DA:11,0
DA:14,0
DA:15,0
DA:16,0
DA:17,0
DA:18,0
DA:19,0
DA:20,0
DA:21,0
DA:22,0
DA:23,0
DA:27,0
LF:18
LH:0
BRDA:37,0,0,0
BRDA:37,0,1,0
BRDA:38,1,0,0
BRDA:38,1,1,0
BRDA:39,2,0,0
BRDA:39,2,1,0
BRDA:40,3,0,0
BRDA:40,3,1,0
BRDA:41,4,0,0
BRDA:41,4,1,0
BRDA:42,5,0,0
BRDA:42,5,1,0
BRDA:43,6,0,0
BRDA:43,6,1,0
BRDA:44,7,0,0
BRDA:44,7,1,0
BRDA:45,8,0,0
BRDA:45,8,1,0
BRDA:46,9,0,0
BRDA:46,9,1,0
BRF:20
BRH:0
end_of_record
TN:
SF:src/entities/Hours.ts
FNF:0
FNH:0
DA:1,0
DA:17,0
LF:2
LH:0
BRF:0
BRH:0
end_of_record
TN:
SF:src/entities/Note.ts
FN:1,(anonymous_0)
FNF:1
FNH:0
FNDA:0,(anonymous_0)
DA:1,0
DA:2,0
DA:3,0
DA:6,0
LF:4
LH:0
BRDA:1,0,0,0
BRDA:1,0,1,0
BRF:2
BRH:0
end_of_record
TN:
SF:src/entities/RequestForm.ts
FN:21,(anonymous_0)
FNF:1
FNH:0
FNDA:0,(anonymous_0)
DA:13,0
DA:23,0
DA:24,0
DA:25,0
DA:26,0
DA:27,0
DA:30,0
DA:31,0
DA:32,0
DA:33,0
DA:36,0
DA:37,0
DA:38,0
DA:41,0
DA:42,0
DA:43,0
DA:44,0
DA:47,0
DA:48,0
DA:49,0
DA:50,0
DA:51,0
DA:52,0
DA:55,0
DA:56,0
DA:57,0
DA:60,0
DA:61,0
DA:62,0
DA:65,0
DA:66,0
DA:69,0
DA:70,0
DA:71,0
DA:72,0
DA:73,0
DA:74,0
DA:75,0
DA:76,0
DA:77,0
DA:80,0
DA:81,0
DA:82,0
DA:83,0
DA:86,0
DA:87,0
DA:90,0
DA:91,0
DA:92,0
DA:93,0
DA:94,0
LF:51
LH:0
BRF:0
BRH:0
end_of_record
TN:
SF:src/entities/Template.ts
FN:2,(anonymous_0)
FN:10,(anonymous_1)
FNF:2
FNH:0
FNDA:0,(anonymous_0)
FNDA:0,(anonymous_1)
DA:1,0
DA:3,0
DA:4,0
DA:5,0
DA:6,0
DA:7,0
DA:11,0
LF:7
LH:0
BRF:0
BRH:0
end_of_record
TN:
SF:src/entities/User.ts
FN:30,(anonymous_0)
FN:84,(anonymous_1)
FN:88,(anonymous_2)
FNF:3
FNH:0
FNDA:0,(anonymous_0)
FNDA:0,(anonymous_1)
FNDA:0,(anonymous_2)
DA:1,0
DA:3,0
DA:57,0
DA:58,0
DA:59,0
DA:60,0
DA:61,0
DA:62,0
DA:63,0
DA:64,0
DA:65,0
DA:66,0
DA:67,0
DA:68,0
DA:69,0
DA:70,0
DA:71,0
DA:72,0
DA:73,0
DA:74,0
DA:75,0
DA:76,0
DA:77,0
DA:78,0
DA:79,0
DA:80,0
DA:81,0
DA:85,0
DA:89,0
LF:29
LH:0
BRDA:58,0,0,0
BRDA:58,0,1,0
BRDA:59,1,0,0
BRDA:59,1,1,0
BRDA:60,2,0,0
BRDA:60,2,1,0
BRDA:61,3,0,0
BRDA:61,3,1,0
BRDA:62,4,0,0
BRDA:62,4,1,0
BRDA:63,5,0,0
BRDA:63,5,1,0
BRDA:64,6,0,0
BRDA:64,6,1,0
BRDA:65,7,0,0
BRDA:65,7,1,0
BRDA:66,8,0,0
BRDA:66,8,1,0
BRDA:67,9,0,0
BRDA:67,9,1,0
BRDA:68,10,0,0
BRDA:68,10,1,0
BRDA:69,11,0,0
BRDA:69,11,1,0
BRDA:70,12,0,0
BRDA:70,12,1,0
BRDA:71,13,0,0
BRDA:71,13,1,0
BRDA:72,14,0,0
BRDA:72,14,1,0
BRDA:73,15,0,0
BRDA:73,15,1,0
BRDA:74,16,0,0
BRDA:74,16,1,0
BRDA:75,17,0,0
BRDA:75,17,1,0
BRDA:76,18,0,0
BRDA:76,18,1,0
BRDA:77,19,0,0
BRDA:77,19,1,0
BRDA:78,20,0,0
BRDA:78,20,1,0
BRDA:79,21,0,0
BRDA:79,21,1,0
BRDA:80,22,0,0
BRDA:80,22,1,0
BRDA:81,23,0,0
BRDA:81,23,1,0
BRF:48
BRH:0
end_of_record
TN:
SF:src/middleware/auth.ts
FN:5,(anonymous_1)
FN:29,(anonymous_2)
FN:30,(anonymous_3)
FNF:3
FNH:0
FNDA:0,(anonymous_1)
FNDA:0,(anonymous_2)
FNDA:0,(anonymous_3)
DA:2,0
DA:3,0
DA:5,0
DA:10,0
DA:11,0
DA:13,0
DA:14,0
DA:15,0
DA:18,0
DA:20,0
DA:26,0
DA:29,0
DA:30,0
DA:32,0
DA:34,0
DA:35,0
LF:16
LH:0
BRDA:13,0,0,0
BRF:1
BRH:0
end_of_record
TN:
SF:src/middleware/authMiddleware.ts
FN:6,(anonymous_1)
FNF:1
FNH:0
FNDA:0,(anonymous_1)
DA:2,0
DA:3,0
DA:6,0
DA:11,0
DA:12,0
DA:13,0
DA:14,0
DA:16,0
DA:17,0
DA:18,0
DA:24,0
DA:26,0
DA:27,0
DA:28,0
DA:32,0
DA:33,0
DA:34,0
DA:36,0
DA:37,0
DA:43,0
LF:20
LH:0
BRDA:14,0,0,0
BRDA:14,0,1,0
BRDA:16,1,0,0
BRDA:26,2,0,0
BRDA:26,3,0,0
BRDA:26,3,1,0
BRF:6
BRH:0
end_of_record
TN:
SF:src/middleware/authorizeRoles.ts
FN:9,(anonymous_0)
FNF:1
FNH:0
FNDA:0,(anonymous_0)
DA:9,0
DA:15,0
DA:16,0
DA:17,0
DA:18,0
DA:21,0
DA:22,0
DA:23,0
DA:26,0
DA:28,0
DA:32,0
LF:11
LH:0
BRDA:16,0,0,0
BRDA:16,1,0,0
BRDA:16,1,1,0
BRDA:21,2,0,0
BRF:4
BRH:0
end_of_record
TN:
SF:src/middleware/validateRequest.ts
FN:4,(anonymous_0)
FN:5,(anonymous_1)
FNF:2
FNH:0
FNDA:0,(anonymous_0)
FNDA:0,(anonymous_1)
DA:4,0
DA:5,0
DA:6,0
DA:7,0
DA:8,0
DA:10,0
LF:6
LH:0
BRF:0
BRH:0
end_of_record
TN:
SF:src/repositories/requestFormRepository.ts
FN:7,(anonymous_0)
FN:11,(anonymous_1)
FN:105,(anonymous_2)
FN:125,(anonymous_3)
FN:149,(anonymous_4)
FN:168,(anonymous_5)
FN:191,(anonymous_6)
FNF:7
FNH:0
FNDA:0,(anonymous_0)
FNDA:0,(anonymous_1)
FNDA:0,(anonymous_2)
FNDA:0,(anonymous_3)
FNDA:0,(anonymous_4)
FNDA:0,(anonymous_5)
FNDA:0,(anonymous_6)
DA:4,0
DA:8,0
DA:12,0
DA:13,0
DA:91,0
DA:92,0
DA:93,0
DA:96,0
DA:97,0
DA:100,0
DA:101,0
DA:106,0
DA:107,0
DA:113,0
DA:114,0
DA:115,0
DA:118,0
DA:120,0
DA:121,0
DA:126,0
DA:127,0
DA:134,0
DA:135,0
DA:136,0
DA:138,0
DA:139,0
DA:142,0
DA:144,0
DA:145,0
DA:150,0
DA:151,0
DA:156,0
DA:157,0
DA:158,0
DA:161,0
DA:163,0
DA:164,0
DA:169,0
DA:170,0
DA:176,0
DA:177,0
DA:178,0
DA:180,0
DA:181,0
DA:184,0
DA:186,0
DA:187,0
DA:192,0
DA:193,0
DA:200,0
DA:201,0
DA:202,0
DA:205,0
DA:207,0
DA:208,0
LF:55
LH:0
BRDA:91,0,0,0
BRDA:113,1,0,0
BRDA:134,2,0,0
BRDA:135,3,0,0
BRDA:156,4,0,0
BRDA:176,5,0,0
BRDA:177,6,0,0
BRDA:200,7,0,0
BRF:8
BRH:0
end_of_record
TN:
SF:src/repositories/supabaseActivityRepository.ts
FN:8,(anonymous_0)
FN:12,(anonymous_1)
FN:33,(anonymous_2)
FN:44,(anonymous_3)
FN:47,(anonymous_4)
FN:57,(anonymous_5)
FN:60,(anonymous_6)
FNF:7
FNH:0
FNDA:0,(anonymous_0)
FNDA:0,(anonymous_1)
FNDA:0,(anonymous_2)
FNDA:0,(anonymous_3)
FNDA:0,(anonymous_4)
FNDA:0,(anonymous_5)
FNDA:0,(anonymous_6)
DA:2,0
DA:5,0
DA:9,0
DA:13,0
DA:26,0
DA:27,0
DA:30,0
DA:34,0
DA:40,0
DA:41,0
DA:44,0
DA:48,0
DA:53,0
DA:54,0
DA:57,0
DA:61,0
LF:16
LH:0
BRDA:26,0,0,0
BRDA:40,1,0,0
BRDA:53,2,0,0
BRF:3
BRH:0
end_of_record
TN:
SF:src/repositories/supabaseClientRepository.ts
FN:11,(anonymous_0)
FN:17,(anonymous_1)
FN:38,(anonymous_2)
FN:41,(anonymous_3)
FN:53,(anonymous_4)
FN:81,(anonymous_5)
FN:84,(anonymous_6)
FN:95,(anonymous_7)
FN:98,(anonymous_8)
FN:115,(anonymous_9)
FN:118,(anonymous_10)
FN:141,(anonymous_11)
FN:155,(anonymous_12)
FN:185,(anonymous_13)
FN:280,(anonymous_14)
FN:287,(anonymous_15)
FN:291,(anonymous_16)
FN:321,(anonymous_17)
FNF:18
FNH:0
FNDA:0,(anonymous_0)
FNDA:0,(anonymous_1)
FNDA:0,(anonymous_2)
FNDA:0,(anonymous_3)
FNDA:0,(anonymous_4)
FNDA:0,(anonymous_5)
FNDA:0,(anonymous_6)
FNDA:0,(anonymous_7)
FNDA:0,(anonymous_8)
FNDA:0,(anonymous_9)
FNDA:0,(anonymous_10)
FNDA:0,(anonymous_11)
FNDA:0,(anonymous_12)
FNDA:0,(anonymous_13)
FNDA:0,(anonymous_14)
FNDA:0,(anonymous_15)
FNDA:0,(anonymous_16)
FNDA:0,(anonymous_17)
DA:4,0
DA:5,0
DA:6,0
DA:8,0
DA:14,0
DA:18,0
DA:37,0
DA:38,0
DA:42,0
DA:47,0
DA:48,0
DA:50,0
DA:54,0
DA:56,0
DA:57,0
DA:58,0
DA:62,0
DA:80,0
DA:81,0
DA:85,0
DA:94,0
DA:95,0
DA:99,0
DA:101,0
DA:103,0
DA:113,0
DA:115,0
DA:119,0
DA:137,0
DA:138,0
DA:142,0
DA:151,0
DA:152,0
DA:156,0
DA:178,0
DA:179,0
DA:182,0
DA:186,0
DA:187,0
DA:190,0
DA:193,0
DA:194,0
DA:195,0
DA:196,0
DA:197,0
DA:198,0
DA:199,0
DA:200,0
DA:201,0
DA:202,0
DA:203,0
DA:204,0
DA:205,0
DA:208,0
DA:209,0
DA:210,0
DA:211,0
DA:212,0
DA:213,0
DA:215,0
DA:220,0
DA:223,0
DA:229,0
DA:230,0
DA:231,0
DA:234,0
DA:235,0
DA:236,0
DA:239,0
DA:242,0
DA:247,0
DA:248,0
DA:249,0
DA:252,0
DA:255,0
DA:264,0
DA:265,0
DA:266,0
DA:269,0
DA:270,0
DA:271,0
DA:274,0
DA:275,0
DA:276,0
DA:281,0
DA:286,0
DA:287,0
DA:292,0
DA:322,0
DA:324,0
DA:353,0
LF:91
LH:0
BRDA:37,0,0,0
BRDA:47,1,0,0
BRDA:47,2,0,0
BRDA:47,2,1,0
BRDA:56,3,0,0
BRDA:80,4,0,0
BRDA:94,5,0,0
BRDA:101,6,0,0
BRDA:113,7,0,0
BRDA:137,8,0,0
BRDA:151,9,0,0
BRDA:178,10,0,0
BRDA:193,11,0,0
BRDA:194,12,0,0
BRDA:195,13,0,0
BRDA:196,14,0,0
BRDA:197,15,0,0
BRDA:198,16,0,0
BRDA:199,17,0,0
BRDA:200,18,0,0
BRDA:201,19,0,0
BRDA:202,20,0,0
BRDA:203,21,0,0
BRDA:204,22,0,0
BRDA:205,23,0,0
BRDA:208,24,0,0
BRDA:209,25,0,0
BRDA:210,26,0,0
BRDA:211,27,0,0
BRDA:212,28,0,0
BRDA:213,29,0,0
BRDA:229,30,0,0
BRDA:234,31,0,0
BRDA:247,32,0,0
BRDA:264,33,0,0
BRDA:269,34,0,0
BRDA:286,35,0,0
BRDA:297,36,0,0
BRDA:297,36,1,0
BRDA:298,37,0,0
BRDA:298,37,1,0
BRDA:299,38,0,0
BRDA:299,38,1,0
BRDA:322,39,0,0
BRDA:322,39,1,0
BRDA:325,40,0,0
BRDA:325,40,1,0
BRDA:325,40,2,0
BRDA:326,41,0,0
BRDA:326,41,1,0
BRDA:326,41,2,0
BRDA:327,42,0,0
BRDA:327,42,1,0
BRDA:327,42,2,0
BRDA:328,43,0,0
BRDA:328,43,1,0
BRDA:328,43,2,0
BRDA:329,44,0,0
BRDA:329,44,1,0
BRDA:330,45,0,0
BRDA:330,45,1,0
BRDA:331,46,0,0
BRDA:331,46,1,0
BRDA:332,47,0,0
BRDA:332,47,1,0
BRDA:332,47,2,0
BRDA:333,48,0,0
BRDA:333,48,1,0
BRDA:333,48,2,0
BRDA:334,49,0,0
BRDA:334,49,1,0
BRDA:334,49,2,0
BRDA:335,50,0,0
BRDA:335,50,1,0
BRDA:335,50,2,0
BRDA:336,51,0,0
BRDA:336,51,1,0
BRDA:336,51,2,0
BRDA:337,52,0,0
BRDA:337,52,1,0
BRDA:338,53,0,0
BRDA:338,53,1,0
BRDA:339,54,0,0
BRDA:339,54,1,0
BRDA:340,55,0,0
BRDA:340,55,1,0
BRDA:341,56,0,0
BRDA:341,56,1,0
BRDA:341,56,2,0
BRDA:342,57,0,0
BRDA:342,57,1,0
BRDA:342,57,2,0
BRDA:343,58,0,0
BRDA:343,58,1,0
BRDA:343,58,2,0
BRDA:344,59,0,0
BRDA:344,59,1,0
BRDA:344,59,2,0
BRDA:345,60,0,0
BRDA:345,60,1,0
BRDA:345,60,2,0
BRDA:346,61,0,0
BRDA:346,61,1,0
BRDA:346,61,2,0
BRDA:347,62,0,0
BRDA:347,62,1,0
BRDA:347,62,2,0
BRDA:348,63,0,0
BRDA:348,63,1,0
BRDA:348,63,2,0
BRDA:356,64,0,0
BRDA:356,64,1,0
BRDA:357,65,0,0
BRDA:357,65,1,0
BRDA:358,66,0,0
BRDA:358,66,1,0
BRDA:359,67,0,0
BRDA:359,67,1,0
BRDA:362,68,0,0
BRDA:362,68,1,0
BRDA:363,69,0,0
BRDA:363,69,1,0
BRDA:364,70,0,0
BRDA:364,70,1,0
BRDA:365,71,0,0
BRDA:365,71,1,0
BRDA:366,72,0,0
BRDA:366,72,1,0
BRDA:367,73,0,0
BRDA:367,73,1,0
BRDA:368,74,0,0
BRDA:368,74,1,0
BRDA:369,75,0,0
BRDA:369,75,1,0
BRDA:370,76,0,0
BRDA:370,76,1,0
BRDA:371,77,0,0
BRDA:371,77,1,0
BRF:138
BRH:0
end_of_record
TN:
SF:src/repositories/supabaseUserRepository.ts
FN:15,(anonymous_0)
FN:21,(anonymous_1)
FN:36,(anonymous_2)
FN:77,(anonymous_3)
FN:96,(anonymous_4)
FN:112,(anonymous_5)
FN:124,(anonymous_6)
FN:158,(anonymous_7)
FN:174,(anonymous_8)
FN:189,(anonymous_9)
FN:192,(anonymous_10)
FN:211,(anonymous_11)
FN:225,(anonymous_12)
FN:238,(anonymous_13)
FN:256,(anonymous_14)
FN:281,(anonymous_15)
FN:299,(anonymous_16)
FN:333,(anonymous_17)
FN:346,(anonymous_18)
FN:382,(anonymous_19)
FN:396,(anonymous_20)
FN:410,(anonymous_21)
FN:421,(anonymous_22)
FN:446,(anonymous_23)
FN:468,(anonymous_24)
FN:503,(anonymous_25)
FNF:26
FNH:0
FNDA:0,(anonymous_0)
FNDA:0,(anonymous_1)
FNDA:0,(anonymous_2)
FNDA:0,(anonymous_3)
FNDA:0,(anonymous_4)
FNDA:0,(anonymous_5)
FNDA:0,(anonymous_6)
FNDA:0,(anonymous_7)
FNDA:0,(anonymous_8)
FNDA:0,(anonymous_9)
FNDA:0,(anonymous_10)
FNDA:0,(anonymous_11)
FNDA:0,(anonymous_12)
FNDA:0,(anonymous_13)
FNDA:0,(anonymous_14)
FNDA:0,(anonymous_15)
FNDA:0,(anonymous_16)
FNDA:0,(anonymous_17)
FNDA:0,(anonymous_18)
FNDA:0,(anonymous_19)
FNDA:0,(anonymous_20)
FNDA:0,(anonymous_21)
FNDA:0,(anonymous_22)
FNDA:0,(anonymous_23)
FNDA:0,(anonymous_24)
FNDA:0,(anonymous_25)
DA:5,0
DA:8,0
DA:10,0
DA:12,0
DA:18,0
DA:22,0
DA:28,0
DA:29,0
DA:32,0
DA:37,0
DA:43,0
DA:44,0
DA:47,0
DA:78,0
DA:92,0
DA:93,0
DA:96,0
DA:113,0
DA:115,0
DA:120,0
DA:121,0
DA:125,0
DA:145,0
DA:146,0
DA:149,0
DA:150,0
DA:151,0
DA:154,0
DA:159,0
DA:164,0
DA:165,0
DA:169,0
DA:170,0
DA:174,0
DA:179,0
DA:184,0
DA:185,0
DA:189,0
DA:193,0
DA:204,0
DA:205,0
DA:208,0
DA:213,0
DA:221,0
DA:222,0
DA:226,0
DA:231,0
DA:232,0
DA:235,0
DA:239,0
DA:240,0
DA:245,0
DA:246,0
DA:249,0
DA:250,0
DA:252,0
DA:257,0
DA:258,0
DA:271,0
DA:272,0
DA:275,0
DA:277,0
DA:282,0
DA:284,0
DA:289,0
DA:290,0
DA:291,0
DA:295,0
DA:296,0
DA:299,0
DA:300,0
DA:301,0
DA:302,0
DA:305,0
DA:309,0
DA:327,0
DA:329,0
DA:334,0
DA:336,0
DA:340,0
DA:341,0
DA:342,0
DA:346,0
DA:348,0
DA:349,0
DA:350,0
DA:351,0
DA:353,0
DA:354,0
DA:358,0
DA:376,0
DA:378,0
DA:383,0
DA:389,0
DA:390,0
DA:393,0
DA:398,0
DA:403,0
DA:404,0
DA:407,0
DA:411,0
DA:416,0
DA:417,0
DA:422,0
DA:425,0
DA:432,0
DA:433,0
DA:434,0
DA:438,0
DA:442,0
DA:447,0
DA:471,0
DA:485,0
DA:493,0
DA:504,0
DA:516,0
DA:517,0
DA:523,0
DA:525,0
DA:537,0
DA:538,0
DA:542,0
LF:122
LH:0
BRDA:28,0,0,0
BRDA:28,1,0,0
BRDA:28,1,1,0
BRDA:43,2,0,0
BRDA:92,3,0,0
BRDA:120,4,0,0
BRDA:145,5,0,0
BRDA:149,6,0,0
BRDA:149,7,0,0
BRDA:149,7,1,0
BRDA:164,8,0,0
BRDA:169,9,0,0
BRDA:169,10,0,0
BRDA:169,10,1,0
BRDA:184,11,0,0
BRDA:204,12,0,0
BRDA:221,13,0,0
BRDA:231,14,0,0
BRDA:245,15,0,0
BRDA:271,16,0,0
BRDA:289,17,0,0
BRDA:290,18,0,0
BRDA:296,19,0,0
BRDA:301,20,0,0
BRDA:318,21,0,0
BRDA:318,21,1,0
BRDA:323,22,0,0
BRDA:323,22,1,0
BRDA:340,23,0,0
BRDA:341,24,0,0
BRDA:351,25,0,0
BRDA:353,26,0,0
BRDA:367,27,0,0
BRDA:367,27,1,0
BRDA:372,28,0,0
BRDA:372,28,1,0
BRDA:389,29,0,0
BRDA:389,30,0,0
BRDA:389,30,1,0
BRDA:403,31,0,0
BRDA:416,32,0,0
BRDA:432,33,0,0
BRDA:452,34,0,0
BRDA:452,34,1,0
BRDA:453,35,0,0
BRDA:453,35,1,0
BRDA:454,36,0,0
BRDA:454,36,1,0
BRDA:471,37,0,0
BRDA:471,37,1,0
BRDA:486,38,0,0
BRDA:486,38,1,0
BRDA:516,39,0,0
BRDA:523,40,0,0
BRDA:537,41,0,0
BRF:55
BRH:0
end_of_record
TN:
SF:src/routes/EmailRoutes.ts
FN:11,(anonymous_1)
FN:16,(anonymous_2)
FNF:2
FNH:0
FNDA:0,(anonymous_1)
FNDA:0,(anonymous_2)
DA:1,0
DA:2,0
DA:3,0
DA:5,0
DA:8,0
DA:11,0
DA:12,0
DA:16,0
DA:17,0
DA:20,0
LF:10
LH:0
BRF:0
BRH:0
end_of_record
TN:
SF:src/routes/authRoutes.ts
FN:9,(anonymous_1)
FN:12,(anonymous_2)
FN:15,(anonymous_3)
FN:18,(anonymous_4)
FN:21,(anonymous_5)
FN:24,(anonymous_6)
FN:27,(anonymous_7)
FN:28,(anonymous_8)
FN:29,(anonymous_9)
FN:32,(anonymous_10)
FN:33,(anonymous_11)
FN:34,(anonymous_12)
FNF:12
FNH:0
FNDA:0,(anonymous_1)
FNDA:0,(anonymous_2)
FNDA:0,(anonymous_3)
FNDA:0,(anonymous_4)
FNDA:0,(anonymous_5)
FNDA:0,(anonymous_6)
FNDA:0,(anonymous_7)
FNDA:0,(anonymous_8)
FNDA:0,(anonymous_9)
FNDA:0,(anonymous_10)
FNDA:0,(anonymous_11)
FNDA:0,(anonymous_12)
DA:1,0
DA:2,0
DA:3,0
DA:6,0
DA:9,0
DA:12,0
DA:15,0
DA:18,0
DA:21,0
DA:24,0
DA:27,0
DA:28,0
DA:29,0
DA:32,0
DA:33,0
DA:34,0
DA:36,0
LF:17
LH:0
BRF:0
BRH:0
end_of_record
TN:
SF:src/routes/clientRoutes.ts
FN:11,(anonymous_1)
FN:12,(anonymous_2)
FN:17,(anonymous_3)
FN:18,(anonymous_4)
FN:23,(anonymous_5)
FN:24,(anonymous_6)
FN:30,(anonymous_7)
FN:31,(anonymous_8)
FN:36,(anonymous_9)
FN:37,(anonymous_10)
FN:43,(anonymous_11)
FN:44,(anonymous_12)
FN:50,(anonymous_13)
FN:51,(anonymous_14)
FN:56,(anonymous_15)
FN:57,(anonymous_16)
FNF:16
FNH:0
FNDA:0,(anonymous_1)
FNDA:0,(anonymous_2)
FNDA:0,(anonymous_3)
FNDA:0,(anonymous_4)
FNDA:0,(anonymous_5)
FNDA:0,(anonymous_6)
FNDA:0,(anonymous_7)
FNDA:0,(anonymous_8)
FNDA:0,(anonymous_9)
FNDA:0,(anonymous_10)
FNDA:0,(anonymous_11)
FNDA:0,(anonymous_12)
FNDA:0,(anonymous_13)
FNDA:0,(anonymous_14)
FNDA:0,(anonymous_15)
FNDA:0,(anonymous_16)
DA:1,0
DA:2,0
DA:3,0
DA:4,0
DA:6,0
DA:9,0
DA:11,0
DA:12,0
DA:15,0
DA:17,0
DA:18,0
DA:21,0
DA:23,0
DA:24,0
DA:28,0
DA:30,0
DA:31,0
DA:34,0
DA:36,0
DA:37,0
DA:41,0
DA:43,0
DA:44,0
DA:48,0
DA:50,0
DA:51,0
DA:54,0
DA:56,0
DA:57,0
DA:60,0
LF:30
LH:0
BRF:0
BRH:0
end_of_record
TN:
SF:src/routes/contractRoutes.ts
FN:18,(anonymous_1)
FN:19,(anonymous_2)
FN:25,(anonymous_3)
FN:26,(anonymous_4)
FN:32,(anonymous_5)
FN:33,(anonymous_6)
FN:39,(anonymous_7)
FN:40,(anonymous_8)
FN:46,(anonymous_9)
FN:48,(anonymous_10)
FN:54,(anonymous_11)
FN:56,(anonymous_12)
FN:62,(anonymous_13)
FN:63,(anonymous_14)
FNF:14
FNH:0
FNDA:0,(anonymous_1)
FNDA:0,(anonymous_2)
FNDA:0,(anonymous_3)
FNDA:0,(anonymous_4)
FNDA:0,(anonymous_5)
FNDA:0,(anonymous_6)
FNDA:0,(anonymous_7)
FNDA:0,(anonymous_8)
FNDA:0,(anonymous_9)
FNDA:0,(anonymous_10)
FNDA:0,(anonymous_11)
FNDA:0,(anonymous_12)
FNDA:0,(anonymous_13)
FNDA:0,(anonymous_14)
DA:1,0
DA:2,0
DA:3,0
DA:4,0
DA:5,0
DA:8,0
DA:10,0
DA:16,0
DA:18,0
DA:19,0
DA:23,0
DA:25,0
DA:26,0
DA:30,0
DA:32,0
DA:33,0
DA:37,0
DA:39,0
DA:40,0
DA:44,0
DA:46,0
DA:48,0
DA:52,0
DA:54,0
DA:56,0
DA:60,0
DA:62,0
DA:63,0
DA:67,0
LF:29
LH:0
BRF:0
BRH:0
end_of_record
TN:
SF:src/routes/customersRoutes.ts
FNF:0
FNH:0
DA:2,0
DA:4,0
DA:5,0
DA:8,0
DA:12,0
DA:14,0
LF:6
LH:0
BRF:0
BRH:0
end_of_record
TN:
SF:src/routes/doulaRoutes.ts
FN:10,(anonymous_1)
FN:11,(anonymous_2)
FN:15,(anonymous_3)
FN:16,(anonymous_4)
FNF:4
FNH:0
FNDA:0,(anonymous_1)
FNDA:0,(anonymous_2)
FNDA:0,(anonymous_3)
FNDA:0,(anonymous_4)
DA:1,0
DA:2,0
DA:3,0
DA:4,0
DA:6,0
DA:8,0
DA:10,0
DA:11,0
DA:13,0
DA:15,0
DA:16,0
DA:21,0
LF:12
LH:0
BRF:0
BRH:0
end_of_record
TN:
SF:src/routes/paymentRoutes.ts
FNF:0
FNH:0
DA:1,0
DA:2,0
DA:3,0
DA:4,0
DA:5,0
DA:7,0
DA:10,0
DA:14,0
DA:19,0
DA:24,0
DA:27,0
DA:34,0
DA:41,0
DA:48,0
DA:54,0
DA:59,0
LF:16
LH:0
BRF:0
BRH:0
end_of_record
TN:
SF:src/routes/quickbooksRoutes.ts
FNF:0
FNH:0
DA:2,0
DA:3,0
DA:12,0
DA:13,0
DA:15,0
DA:18,0
DA:19,0
DA:22,0
DA:25,0
DA:26,0
DA:27,0
DA:28,0
DA:29,0
DA:32,0
DA:34,0
LF:15
LH:0
BRF:0
BRH:0
end_of_record
TN:
SF:src/routes/requestRoute.ts
FN:8,(anonymous_1)
FNF:1
FNH:0
FNDA:0,(anonymous_1)
DA:1,0
DA:2,0
DA:4,0
DA:7,0
DA:8,0
DA:10,0
LF:6
LH:0
BRF:0
BRH:0
end_of_record
TN:
SF:src/routes/specificUserRoutes.ts
FN:9,(anonymous_1)
FN:11,(anonymous_2)
FN:13,(anonymous_3)
FN:20,(anonymous_4)
FNF:4
FNH:0
FNDA:0,(anonymous_1)
FNDA:0,(anonymous_2)
FNDA:0,(anonymous_3)
FNDA:0,(anonymous_4)
DA:1,0
DA:2,0
DA:3,0
DA:4,0
DA:6,0
DA:9,0
DA:11,0
DA:13,0
DA:16,0
DA:20,0
DA:22,0
LF:11
LH:0
BRF:0
BRH:0
end_of_record
TN:
SF:src/services/RequestFormService.ts
FN:13,(anonymous_0)
FN:17,(anonymous_1)
FN:61,(anonymous_2)
FN:65,(anonymous_3)
FN:69,(anonymous_4)
FN:73,(anonymous_5)
FN:77,(anonymous_6)
FN:88,(anonymous_7)
FNF:8
FNH:0
FNDA:0,(anonymous_0)
FNDA:0,(anonymous_1)
FNDA:0,(anonymous_2)
FNDA:0,(anonymous_3)
FNDA:0,(anonymous_4)
FNDA:0,(anonymous_5)
FNDA:0,(anonymous_6)
FNDA:0,(anonymous_7)
DA:1,0
DA:2,0
DA:4,0
DA:10,0
DA:14,0
DA:19,0
DA:20,0
DA:23,0
DA:24,0
DA:27,0
DA:28,0
DA:31,0
DA:32,0
DA:35,0
DA:36,0
DA:40,0
DA:41,0
DA:42,0
DA:46,0
DA:47,0
DA:48,0
DA:52,0
DA:53,0
DA:54,0
DA:58,0
DA:62,0
DA:66,0
DA:70,0
DA:74,0
DA:79,0
DA:80,0
DA:81,0
DA:84,0
DA:89,0
DA:91,0
DA:92,0
DA:95,0
DA:96,0
DA:99,0
DA:100,0
DA:103,0
DA:104,0
DA:107,0
DA:108,0
DA:112,0
DA:113,0
DA:114,0
DA:118,0
DA:119,0
DA:120,0
DA:124,0
DA:125,0
DA:126,0
DA:130,0
DA:200,0
DA:203,0
DA:256,0
DA:257,0
LF:58
LH:0
BRDA:19,0,0,0
BRDA:19,1,0,0
BRDA:19,1,1,0
BRDA:23,2,0,0
BRDA:27,3,0,0
BRDA:27,4,0,0
BRDA:27,4,1,0
BRDA:31,5,0,0
BRDA:35,6,0,0
BRDA:35,7,0,0
BRDA:35,7,1,0
BRDA:35,7,2,0
BRDA:35,7,3,0
BRDA:41,8,0,0
BRDA:47,9,0,0
BRDA:53,10,0,0
BRDA:80,11,0,0
BRDA:91,12,0,0
BRDA:91,13,0,0
BRDA:91,13,1,0
BRDA:95,14,0,0
BRDA:99,15,0,0
BRDA:99,16,0,0
BRDA:99,16,1,0
BRDA:103,17,0,0
BRDA:107,18,0,0
BRDA:107,19,0,0
BRDA:107,19,1,0
BRDA:107,19,2,0
BRDA:107,19,3,0
BRDA:113,20,0,0
BRDA:119,21,0,0
BRDA:125,22,0,0
BRDA:234,23,0,0
BRDA:234,23,1,0
BRF:35
BRH:0
end_of_record
TN:
SF:src/services/emailService.ts
FN:7,(anonymous_1)
FN:19,(anonymous_2)
FN:48,(anonymous_3)
FN:150,(anonymous_4)
FN:171,(anonymous_5)
FNF:5
FNH:0
FNDA:0,(anonymous_1)
FNDA:0,(anonymous_2)
FNDA:0,(anonymous_3)
FNDA:0,(anonymous_4)
FNDA:0,(anonymous_5)
DA:1,0
DA:4,0
DA:8,0
DA:21,0
DA:22,0
DA:23,0
DA:29,0
DA:32,0
DA:33,0
DA:41,0
DA:43,0
DA:44,0
DA:58,0
DA:61,0
DA:78,0
DA:109,0
DA:110,0
DA:111,0
DA:123,0
DA:126,0
DA:127,0
DA:142,0
DA:143,0
DA:145,0
DA:146,0
DA:151,0
DA:152,0
DA:153,0
DA:168,0
DA:172,0
DA:173,0
DA:174,0
DA:175,0
DA:190,0
LF:34
LH:0
BRDA:10,0,0,0
BRDA:10,0,1,0
BRDA:21,1,0,0
BRDA:27,2,0,0
BRDA:27,2,1,0
BRDA:34,3,0,0
BRDA:34,3,1,0
BRDA:38,4,0,0
BRDA:38,4,1,0
BRDA:61,5,0,0
BRDA:61,5,1,0
BRDA:78,6,0,0
BRDA:78,6,1,0
BRDA:109,7,0,0
BRDA:128,8,0,0
BRDA:128,8,1,0
BRF:16
BRH:0
end_of_record
TN:
SF:src/services/supabaseAuthService.ts
FN:13,(anonymous_0)
FN:20,(anonymous_1)
FN:60,(anonymous_2)
FN:89,(anonymous_3)
FN:105,(anonymous_4)
FN:110,(anonymous_5)
FN:131,(anonymous_6)
FN:144,(anonymous_7)
FN:151,(anonymous_8)
FN:164,(anonymous_9)
FN:183,(anonymous_10)
FN:196,(anonymous_11)
FN:210,(anonymous_12)
FN:223,(anonymous_13)
FNF:14
FNH:0
FNDA:0,(anonymous_0)
FNDA:0,(anonymous_1)
FNDA:0,(anonymous_2)
FNDA:0,(anonymous_3)
FNDA:0,(anonymous_4)
FNDA:0,(anonymous_5)
FNDA:0,(anonymous_6)
FNDA:0,(anonymous_7)
FNDA:0,(anonymous_8)
FNDA:0,(anonymous_9)
FNDA:0,(anonymous_10)
FNDA:0,(anonymous_11)
FNDA:0,(anonymous_12)
FNDA:0,(anonymous_13)
DA:5,0
DA:10,0
DA:15,0
DA:17,0
DA:27,0
DA:32,0
DA:33,0
DA:36,0
DA:37,0
DA:40,0
DA:41,0
DA:43,0
DA:44,0
DA:47,0
DA:48,0
DA:51,0
DA:52,0
DA:53,0
DA:55,0
DA:56,0
DA:65,0
DA:70,0
DA:71,0
DA:74,0
DA:75,0
DA:78,0
DA:80,0
DA:81,0
DA:83,0
DA:85,0
DA:93,0
DA:95,0
DA:96,0
DA:98,0
DA:101,0
DA:107,0
DA:115,0
DA:120,0
DA:121,0
DA:124,0
DA:125,0
DA:126,0
DA:128,0
DA:135,0
DA:139,0
DA:140,0
DA:152,0
DA:154,0
DA:155,0
DA:159,0
DA:161,0
DA:169,0
DA:176,0
DA:177,0
DA:180,0
DA:184,0
DA:189,0
DA:190,0
DA:193,0
DA:198,0
DA:200,0
DA:201,0
DA:204,0
DA:211,0
DA:216,0
DA:217,0
DA:220,0
DA:224,0
DA:228,0
DA:229,0
DA:232,0
LF:71
LH:0
BRDA:32,0,0,0
BRDA:36,1,0,0
BRDA:41,2,0,0
BRDA:47,3,0,0
BRDA:47,3,1,0
BRDA:48,4,0,0
BRDA:48,4,1,0
BRDA:70,5,0,0
BRDA:74,6,0,0
BRDA:120,7,0,0
BRDA:139,8,0,0
BRDA:154,9,0,0
BRDA:176,10,0,0
BRDA:189,11,0,0
BRDA:200,12,0,0
BRDA:216,13,0,0
BRDA:228,14,0,0
BRF:17
BRH:0
end_of_record
TN:
SF:src/services/supabaseContractService.ts
FN:15,(anonymous_1)
FN:19,(anonymous_2)
FN:89,(anonymous_3)
FN:112,(anonymous_4)
FN:122,(anonymous_5)
FN:131,(anonymous_6)
FN:151,(anonymous_7)
FN:186,(anonymous_8)
FN:204,(anonymous_9)
FNF:9
FNH:0
FNDA:0,(anonymous_1)
FNDA:0,(anonymous_2)
FNDA:0,(anonymous_3)
FNDA:0,(anonymous_4)
FNDA:0,(anonymous_5)
FNDA:0,(anonymous_6)
FNDA:0,(anonymous_7)
FNDA:0,(anonymous_8)
FNDA:0,(anonymous_9)
DA:2,0
DA:4,0
DA:5,0
DA:6,0
DA:8,0
DA:9,0
DA:12,0
DA:16,0
DA:29,0
DA:35,0
DA:36,0
DA:39,0
DA:41,0
DA:46,0
DA:48,0
DA:49,0
DA:53,0
DA:54,0
DA:55,0
DA:57,0
DA:58,0
DA:60,0
DA:64,0
DA:67,0
DA:84,0
DA:86,0
DA:91,0
DA:97,0
DA:99,0
DA:104,0
DA:106,0
DA:107,0
DA:109,0
DA:113,0
DA:117,0
DA:118,0
DA:119,0
DA:122,0
DA:133,0
DA:140,0
DA:142,0
DA:146,0
DA:148,0
DA:152,0
DA:154,0
DA:155,0
DA:162,0
DA:163,0
DA:167,0
DA:178,0
DA:179,0
DA:180,0
DA:183,0
DA:187,0
DA:189,0
DA:194,0
DA:195,0
DA:197,0
DA:198,0
DA:200,0
DA:201,0
DA:207,0
DA:209,0
DA:214,0
DA:216,0
DA:221,0
DA:222,0
LF:67
LH:0
BRDA:35,0,0,0
BRDA:35,1,0,0
BRDA:35,1,1,0
BRDA:48,2,0,0
BRDA:48,3,0,0
BRDA:48,3,1,0
BRDA:64,4,0,0
BRDA:72,5,0,0
BRDA:72,5,1,0
BRDA:84,6,0,0
BRDA:97,7,0,0
BRDA:97,8,0,0
BRDA:97,8,1,0
BRDA:104,9,0,0
BRDA:104,10,0,0
BRDA:104,10,1,0
BRDA:117,11,0,0
BRDA:117,12,0,0
BRDA:117,12,1,0
BRDA:140,13,0,0
BRDA:146,14,0,0
BRDA:152,15,0,0
BRDA:152,15,1,0
BRDA:154,16,0,0
BRDA:162,17,0,0
BRDA:178,18,0,0
BRDA:187,19,0,0
BRDA:187,19,1,0
BRDA:195,20,0,0
BRDA:198,21,0,0
BRF:30
BRH:0
end_of_record
TN:
SF:src/services/auth/quickbooksAuthService.ts
FN:29,generateConsentUrl
FN:43,handleAuthCallback
FN:79,isConnected
FN:99,(anonymous_13)
FN:113,disconnectQuickBooks
FNF:5
FNH:0
FNDA:0,generateConsentUrl
FNDA:0,handleAuthCallback
FNDA:0,isConnected
FNDA:0,(anonymous_13)
FNDA:0,disconnectQuickBooks
DA:3,0
DA:4,0
DA:5,0
DA:17,0
DA:19,0
DA:29,0
DA:30,0
DA:43,0
DA:47,0
DA:48,0
DA:56,0
DA:58,0
DA:59,0
DA:63,0
DA:71,0
DA:72,0
DA:79,0
DA:80,0
DA:82,0
DA:83,0
DA:84,0
DA:85,0
DA:88,0
DA:89,0
DA:90,0
DA:92,0
DA:93,0
DA:94,0
DA:96,0
DA:97,0
DA:99,0
DA:100,0
DA:101,0
DA:102,0
DA:103,0
DA:106,0
DA:107,0
DA:113,0
DA:114,0
LF:39
LH:0
BRDA:13,0,0,0
BRDA:14,1,0,0
BRDA:15,2,0,0
BRDA:16,3,0,0
BRDA:22,4,0,0
BRDA:22,4,1,0
BRDA:56,5,0,0
BRDA:56,5,1,0
BRDA:58,6,0,0
BRDA:83,7,0,0
BRDA:96,8,0,0
BRF:11
BRH:0
end_of_record
TN:
SF:src/services/customer/buildCustomerPayload.ts
FN:11,buildCustomerPayload
FNF:1
FNH:0
FNDA:0,buildCustomerPayload
DA:11,0
DA:16,0
DA:17,0
LF:3
LH:0
BRF:0
BRH:0
end_of_record
TN:
SF:src/services/customer/createCustomer.ts
FN:24,createCustomer
FNF:1
FNH:0
FNDA:0,createCustomer
DA:1,0
DA:2,0
DA:3,0
DA:4,0
DA:5,0
DA:6,0
DA:8,0
DA:9,0
DA:24,0
DA:27,0
DA:29,0
DA:30,0
DA:35,0
DA:38,0
DA:41,0
DA:44,0
DA:47,0
DA:49,0
LF:18
LH:0
BRDA:29,0,0,0
BRDA:29,1,0,0
BRDA:29,1,1,0
BRDA:29,1,2,0
BRDA:29,1,3,0
BRF:5
BRH:0
end_of_record
TN:
SF:src/services/customer/createCustomerInQuickBooks.ts
FN:3,createCustomerInQuickBooks
FNF:1
FNH:0
FNDA:0,createCustomerInQuickBooks
DA:1,0
DA:3,0
DA:6,0
DA:10,0
LF:4
LH:0
BRF:0
BRH:0
end_of_record
TN:
SF:src/services/customer/getInvoiceableCustomers.ts
FN:11,getInvoiceableCustomers
FN:21,(anonymous_1)
FNF:2
FNH:0
FNDA:0,getInvoiceableCustomers
FNDA:0,(anonymous_1)
DA:11,0
DA:14,0
DA:19,0
DA:21,0
LF:4
LH:0
BRDA:19,0,0,0
BRDA:21,1,0,0
BRDA:21,1,1,0
BRF:3
BRH:0
end_of_record
TN:
SF:src/services/customer/saveQboCustomerId.ts
FN:3,saveQboCustomerId
FNF:1
FNH:0
FNDA:0,saveQboCustomerId
DA:1,0
DA:3,0
DA:7,0
DA:12,0
DA:13,0
LF:5
LH:0
BRDA:12,0,0,0
BRF:1
BRH:0
end_of_record
TN:
SF:src/services/customer/upsertInternalCustomer.ts
FN:3,upsertInternalCustomer
FNF:1
FNH:0
FNDA:0,upsertInternalCustomer
DA:1,0
DA:3,0
DA:8,0
DA:16,0
DA:17,0
DA:20,0
LF:6
LH:0
BRDA:16,0,0,0
BRF:1
BRH:0
end_of_record
TN:
SF:src/services/invoice/buildInvoicePayload.ts
FN:16,buildInvoicePayload
FNF:1
FNH:0
FNDA:0,buildInvoicePayload
DA:16,0
DA:20,0
DA:21,0
LF:3
LH:0
BRDA:26,0,0,0
BRDA:26,0,1,0
BRF:2
BRH:0
end_of_record
TN:
SF:src/services/invoice/createInvoice.ts
FN:20,createInvoiceService
FNF:1
FNH:0
FNDA:0,createInvoiceService
DA:3,0
DA:4,0
DA:5,0
DA:6,0
DA:7,0
DA:20,0
DA:23,0
DA:25,0
DA:26,0
DA:29,0
DA:32,0
DA:38,0
DA:39,0
DA:42,0
DA:43,0
DA:46,0
DA:47,0
DA:55,0
DA:56,0
DA:59,0
DA:60,0
DA:63,0
DA:64,0
DA:65,0
DA:66,0
DA:74,0
DA:76,0
DA:78,0
DA:81,0
DA:84,0
DA:85,0
LF:31
LH:0
BRDA:25,0,0,0
BRDA:25,1,0,0
BRDA:25,1,1,0
BRDA:38,2,0,0
BRDA:38,3,0,0
BRDA:38,3,1,0
BRDA:63,4,0,0
BRDA:63,4,1,0
BRF:8
BRH:0
end_of_record
TN:
SF:src/services/invoice/createInvoiceInQuickBooks.ts
FN:5,createInvoiceInQuickBooks
FNF:1
FNH:0
FNDA:0,createInvoiceInQuickBooks
DA:3,0
DA:5,0
DA:9,0
DA:18,0
DA:25,0
LF:5
LH:0
BRF:0
BRH:0
end_of_record
TN:
SF:src/services/invoice/persistInvoiceToSupabase.ts
FN:4,persistInvoiceToSupabase
FNF:1
FNH:0
FNDA:0,persistInvoiceToSupabase
DA:2,0
DA:4,0
DA:8,0
DA:9,0
DA:19,0
DA:22,0
DA:24,0
DA:26,0
DA:36,0
DA:51,0
DA:52,0
DA:53,0
DA:56,0
LF:13
LH:0
BRDA:22,0,0,0
BRDA:22,0,1,0
BRDA:33,1,0,0
BRDA:33,1,1,0
BRDA:45,2,0,0
BRDA:45,2,1,0
BRDA:51,3,0,0
BRF:7
BRH:0
end_of_record
TN:
SF:src/services/invoice/sendInvoiceEmail.ts
FN:18,sendInvoiceEmailToCustomer
FN:33,(anonymous_1)
FN:41,(anonymous_2)
FNF:3
FNH:0
FNDA:0,sendInvoiceEmailToCustomer
FNDA:0,(anonymous_1)
FNDA:0,(anonymous_2)
DA:3,0
DA:4,0
DA:18,0
DA:19,0
DA:21,0
DA:23,0
DA:26,0
DA:27,0
DA:28,0
DA:30,0
DA:33,0
DA:41,0
DA:42,0
DA:45,0
DA:47,0
DA:50,0
DA:62,0
DA:64,0
DA:65,0
DA:68,0
DA:88,0
DA:112,0
DA:130,0
DA:141,0
DA:143,0
DA:144,0
LF:26
LH:0
BRDA:27,0,0,0
BRDA:34,1,0,0
BRDA:34,1,1,0
BRDA:35,2,0,0
BRDA:35,2,1,0
BRDA:36,3,0,0
BRDA:36,3,1,0
BRDA:37,4,0,0
BRDA:37,4,1,0
BRDA:45,5,0,0
BRDA:45,5,1,0
BRDA:68,6,0,0
BRDA:68,6,1,0
BRDA:120,7,0,0
BRDA:120,7,1,0
BRF:15
BRH:0
end_of_record
TN:
SF:src/services/payments/buildChargePayload.ts
FN:15,buildChargePayload
FNF:1
FNH:0
FNDA:0,buildChargePayload
DA:15,0
DA:16,0
LF:2
LH:0
BRF:0
BRH:0
end_of_record
TN:
SF:src/services/payments/createCharge.ts
FN:4,createCharge
FNF:1
FNH:0
FNDA:0,createCharge
DA:1,0
DA:2,0
DA:4,0
DA:5,0
DA:6,0
DA:7,0
DA:10,0
DA:12,0
DA:22,0
DA:23,0
DA:24,0
DA:26,0
LF:12
LH:0
BRDA:6,0,0,0
BRDA:23,1,0,0
BRF:2
BRH:0
end_of_record
TN:
SF:src/services/payments/paymentsController.ts
FN:4,(anonymous_0)
FNF:1
FNH:0
FNDA:0,(anonymous_0)
DA:2,0
DA:4,0
DA:5,0
DA:6,0
DA:7,0
DA:8,0
DA:9,0
DA:11,0
DA:12,0
DA:14,0
DA:15,0
DA:16,0
LF:12
LH:0
BRDA:7,0,0,0
BRDA:7,1,0,0
BRDA:7,1,1,0
BRF:3
BRH:0
end_of_record
TN:
SF:src/services/payments/stripePaymentService.ts
FN:22,(anonymous_1)
FN:86,(anonymous_2)
FN:167,(anonymous_3)
FN:238,(anonymous_4)
FN:320,(anonymous_5)
FN:338,(anonymous_6)
FN:354,(anonymous_7)
FN:372,(anonymous_8)
FNF:8
FNH:0
FNDA:0,(anonymous_1)
FNDA:0,(anonymous_2)
FNDA:0,(anonymous_3)
FNDA:0,(anonymous_4)
FNDA:0,(anonymous_5)
FNDA:0,(anonymous_6)
FNDA:0,(anonymous_7)
FNDA:0,(anonymous_8)
DA:1,0
DA:2,0
DA:21,0
DA:23,0
DA:26,0
DA:32,0
DA:33,0
DA:34,0
DA:37,0
DA:44,0
DA:45,0
DA:46,0
DA:47,0
DA:48,0
DA:50,0
DA:56,0
DA:57,0
DA:65,0
DA:68,0
DA:73,0
DA:74,0
DA:75,0
DA:78,0
DA:79,0
DA:81,0
DA:82,0
DA:87,0
DA:90,0
DA:92,0
DA:94,0
DA:95,0
DA:101,0
DA:102,0
DA:110,0
DA:113,0
DA:114,0
DA:119,0
DA:120,0
DA:127,0
DA:128,0
DA:138,0
DA:140,0
DA:145,0
DA:146,0
DA:148,0
DA:149,0
DA:150,0
DA:153,0
DA:154,0
DA:162,0
DA:163,0
DA:168,0
DA:171,0
DA:174,0
DA:175,0
DA:180,0
DA:181,0
DA:184,0
DA:185,0
DA:192,0
DA:193,0
DA:195,0
DA:196,0
DA:197,0
DA:200,0
DA:202,0
DA:203,0
DA:213,0
DA:216,0
DA:217,0
DA:226,0
DA:227,0
DA:230,0
DA:231,0
DA:233,0
DA:234,0
DA:239,0
DA:242,0
DA:244,0
DA:246,0
DA:253,0
DA:254,0
DA:258,0
DA:259,0
DA:264,0
DA:267,0
DA:268,0
DA:273,0
DA:274,0
DA:275,0
DA:283,0
DA:284,0
DA:287,0
DA:288,0
DA:301,0
DA:302,0
DA:303,0
DA:306,0
DA:307,0
DA:315,0
DA:316,0
DA:321,0
DA:323,0
DA:325,0
DA:331,0
DA:332,0
DA:333,0
DA:336,0
DA:338,0
DA:349,0
DA:350,0
DA:355,0
DA:357,0
DA:359,0
DA:365,0
DA:366,0
DA:367,0
DA:370,0
DA:372,0
DA:381,0
DA:382,0
LF:121
LH:0
BRDA:32,0,0,0
BRDA:32,1,0,0
BRDA:32,1,1,0
BRDA:44,2,0,0
BRDA:73,3,0,0
BRDA:148,4,0,0
BRDA:195,5,0,0
BRDA:195,6,0,0
BRDA:195,6,1,0
BRDA:226,7,0,0
BRDA:253,8,0,0
BRDA:253,9,0,0
BRDA:253,9,1,0
BRDA:273,10,0,0
BRDA:301,11,0,0
BRDA:331,12,0,0
BRDA:336,13,0,0
BRDA:336,13,1,0
BRDA:338,14,0,0
BRDA:338,14,1,0
BRDA:365,15,0,0
BRDA:370,16,0,0
BRDA:370,16,1,0
BRDA:372,17,0,0
BRDA:372,17,1,0
BRF:25
BRH:0
end_of_record
TN:
SF:src/usecase/authUseCase.ts
FN:17,(anonymous_0)
FN:28,(anonymous_1)
FN:67,(anonymous_2)
FN:99,(anonymous_3)
FN:123,(anonymous_4)
FN:133,(anonymous_5)
FN:163,(anonymous_6)
FN:178,(anonymous_7)
FN:195,(anonymous_8)
FN:227,(anonymous_9)
FN:266,(anonymous_10)
FN:288,(anonymous_11)
FN:318,(anonymous_12)
FNF:13
FNH:0
FNDA:0,(anonymous_0)
FNDA:0,(anonymous_1)
FNDA:0,(anonymous_2)
FNDA:0,(anonymous_3)
FNDA:0,(anonymous_4)
FNDA:0,(anonymous_5)
FNDA:0,(anonymous_6)
FNDA:0,(anonymous_7)
FNDA:0,(anonymous_8)
FNDA:0,(anonymous_9)
FNDA:0,(anonymous_10)
FNDA:0,(anonymous_11)
FNDA:0,(anonymous_12)
DA:3,0
DA:9,0
DA:13,0
DA:18,0
DA:19,0
DA:35,0
DA:36,0
DA:39,0
DA:40,0
DA:44,0
DA:45,0
DA:46,0
DA:48,0
DA:49,0
DA:53,0
DA:72,0
DA:73,0
DA:76,0
DA:77,0
DA:78,0
DA:79,0
DA:82,0
DA:87,0
DA:89,0
DA:103,0
DA:104,0
DA:107,0
DA:109,0
DA:111,0
DA:113,0
DA:124,0
DA:138,0
DA:139,0
DA:142,0
DA:143,0
DA:144,0
DA:151,0
DA:153,0
DA:164,0
DA:165,0
DA:166,0
DA:168,0
DA:181,0
DA:182,0
DA:183,0
DA:185,0
DA:199,0
DA:200,0
DA:203,0
DA:205,0
DA:208,0
DA:211,0
DA:212,0
DA:215,0
DA:217,0
DA:231,0
DA:232,0
DA:235,0
DA:237,0
DA:240,0
DA:241,0
DA:251,0
DA:254,0
DA:256,0
DA:271,0
DA:272,0
DA:275,0
DA:276,0
DA:278,0
DA:293,0
DA:294,0
DA:297,0
DA:298,0
DA:300,0
DA:306,0
DA:308,0
DA:322,0
DA:323,0
DA:326,0
DA:327,0
DA:330,0
DA:332,0
DA:335,0
DA:338,0
DA:339,0
DA:340,0
DA:343,0
DA:345,0
DA:346,0
DA:348,0
LF:90
LH:0
BRDA:35,0,0,0
BRDA:35,1,0,0
BRDA:35,1,1,0
BRDA:39,2,0,0
BRDA:45,3,0,0
BRDA:48,4,0,0
BRDA:72,5,0,0
BRDA:72,6,0,0
BRDA:72,6,1,0
BRDA:78,7,0,0
BRDA:103,8,0,0
BRDA:138,9,0,0
BRDA:138,10,0,0
BRDA:138,10,1,0
BRDA:199,11,0,0
BRDA:211,12,0,0
BRDA:231,13,0,0
BRDA:240,14,0,0
BRDA:243,15,0,0
BRDA:243,15,1,0
BRDA:243,15,2,0
BRDA:246,16,0,0
BRDA:246,16,1,0
BRDA:246,16,2,0
BRDA:271,17,0,0
BRDA:293,18,0,0
BRDA:293,19,0,0
BRDA:293,19,1,0
BRDA:322,20,0,0
BRDA:326,21,0,0
BRDA:339,22,0,0
BRDA:345,23,0,0
BRF:32
BRH:0
end_of_record
TN:
SF:src/usecase/clientUseCase.ts
FN:7,(anonymous_0)
FN:12,(anonymous_1)
FN:22,(anonymous_2)
FN:37,(anonymous_3)
FN:51,(anonymous_4)
FN:55,(anonymous_5)
FN:60,(anonymous_6)
FN:77,(anonymous_7)
FNF:8
FNH:0
FNDA:0,(anonymous_0)
FNDA:0,(anonymous_1)
FNDA:0,(anonymous_2)
FNDA:0,(anonymous_3)
FNDA:0,(anonymous_4)
FNDA:0,(anonymous_5)
FNDA:0,(anonymous_6)
FNDA:0,(anonymous_7)
DA:4,0
DA:8,0
DA:13,0
DA:14,0
DA:17,0
DA:23,0
DA:24,0
DA:26,0
DA:38,0
DA:39,0
DA:40,0
DA:41,0
DA:42,0
DA:44,0
DA:47,0
DA:52,0
DA:56,0
DA:65,0
DA:67,0
DA:69,0
DA:72,0
DA:82,0
DA:84,0
DA:86,0
DA:89,0
LF:25
LH:0
BRDA:13,0,0,0
BRDA:13,0,1,0
BRDA:23,1,0,0
BRDA:23,1,1,0
BRDA:39,2,0,0
BRDA:39,3,0,0
BRDA:39,3,1,0
BRDA:41,4,0,0
BRF:8
BRH:0
end_of_record
TN:
SF:src/usecase/contractUseCase.ts
FN:7,(anonymous_0)
FN:9,(anonymous_1)
FN:29,(anonymous_2)
FN:33,(anonymous_3)
FN:37,(anonymous_4)
FN:41,(anonymous_5)
FN:45,(anonymous_6)
FN:49,(anonymous_7)
FNF:8
FNH:0
FNDA:0,(anonymous_0)
FNDA:0,(anonymous_1)
FNDA:0,(anonymous_2)
FNDA:0,(anonymous_3)
FNDA:0,(anonymous_4)
FNDA:0,(anonymous_5)
FNDA:0,(anonymous_6)
FNDA:0,(anonymous_7)
DA:6,0
DA:7,0
DA:18,0
DA:30,0
DA:34,0
DA:38,0
DA:42,0
DA:46,0
DA:51,0
DA:52,0
LF:10
LH:0
BRF:0
BRH:0
end_of_record
TN:
SF:src/usecase/userUseCase.ts
FN:10,(anonymous_0)
FN:14,(anonymous_1)
FN:24,(anonymous_2)
FN:34,(anonymous_3)
FN:44,(anonymous_4)
FN:50,(anonymous_5)
FN:55,(anonymous_6)
FN:57,(anonymous_7)
FN:71,(anonymous_8)
FN:75,(anonymous_9)
FN:79,(anonymous_10)
FN:83,(anonymous_11)
FNF:12
FNH:0
FNDA:0,(anonymous_0)
FNDA:0,(anonymous_1)
FNDA:0,(anonymous_2)
FNDA:0,(anonymous_3)
FNDA:0,(anonymous_4)
FNDA:0,(anonymous_5)
FNDA:0,(anonymous_6)
FNDA:0,(anonymous_7)
FNDA:0,(anonymous_8)
FNDA:0,(anonymous_9)
FNDA:0,(anonymous_10)
FNDA:0,(anonymous_11)
DA:2,0
DA:7,0
DA:11,0
DA:15,0
DA:17,0
DA:18,0
DA:21,0
DA:25,0
DA:27,0
DA:28,0
DA:31,0
DA:35,0
DA:37,0
DA:38,0
DA:41,0
DA:45,0
DA:47,0
DA:51,0
DA:52,0
DA:57,0
DA:58,0
DA:59,0
DA:61,0
DA:64,0
DA:65,0
DA:68,0
DA:72,0
DA:76,0
DA:80,0
DA:84,0
LF:30
LH:0
BRDA:17,0,0,0
BRDA:27,1,0,0
BRDA:37,2,0,0
BRDA:58,3,0,0
BRDA:58,4,0,0
BRDA:58,4,1,0
BRDA:64,5,0,0
BRF:7
BRH:0
end_of_record
TN:
SF:src/utils/convertToPdf.ts
FN:3,convertToPdf
FN:25,(anonymous_2)
FN:33,(anonymous_3)
FNF:3
FNH:0
FNDA:0,convertToPdf
FNDA:0,(anonymous_2)
FNDA:0,(anonymous_3)
DA:1,0
DA:3,0
DA:4,0
DA:5,0
DA:6,0
DA:25,0
DA:26,0
DA:28,0
DA:30,0
DA:32,0
DA:33,0
DA:36,0
DA:37,0
DA:40,0
DA:41,0
DA:42,0
DA:44,0
DA:47,0
DA:48,0
DA:49,0
LF:20
LH:0
BRDA:26,0,0,0
BRDA:33,1,0,0
BRDA:33,1,1,0
BRDA:36,2,0,0
BRDA:48,3,0,0
BRDA:48,3,1,0
BRF:6
BRH:0
end_of_record
TN:
SF:src/utils/generateInvoicePdf.ts
FN:22,generateInvoicePDF
FN:23,(anonymous_2)
FN:29,(anonymous_3)
FN:81,(anonymous_4)
FNF:4
FNH:0
FNDA:0,generateInvoicePDF
FNDA:0,(anonymous_2)
FNDA:0,(anonymous_3)
FNDA:0,(anonymous_4)
DA:1,0
DA:22,0
DA:23,0
DA:24,0
DA:25,0
DA:26,0
DA:28,0
DA:29,0
DA:30,0
DA:31,0
DA:35,0
DA:38,0
DA:43,0
DA:47,0
DA:53,0
DA:56,0
DA:60,0
DA:61,0
DA:65,0
DA:66,0
DA:69,0
DA:75,0
DA:80,0
DA:81,0
DA:82,0
DA:86,0
DA:90,0
DA:91,0
DA:93,0
DA:95,0
DA:96,0
DA:97,0
DA:100,0
DA:101,0
DA:105,0
DA:106,0
DA:107,0
DA:113,0
DA:117,0
DA:119,0
LF:40
LH:0
BRDA:60,0,0,0
BRDA:95,1,0,0
BRDA:105,2,0,0
BRF:3
BRH:0
end_of_record
TN:
SF:src/utils/qboClient.ts
FN:23,getAccessToken
FN:49,qboRequest
FN:63,(anonymous_12)
FN:83,(anonymous_13)
FNF:4
FNH:0
FNDA:0,getAccessToken
FNDA:0,qboRequest
FNDA:0,(anonymous_12)
FNDA:0,(anonymous_13)
DA:3,0
DA:4,0
DA:7,0
DA:13,0
DA:23,0
DA:24,0
DA:25,0
DA:26,0
DA:30,0
DA:31,0
DA:32,0
DA:38,0
DA:49,0
DA:53,0
DA:55,0
DA:59,0
DA:60,0
DA:63,0
DA:65,0
DA:75,0
DA:83,0
DA:84,0
DA:85,0
DA:88,0
LF:24
LH:0
BRDA:10,0,0,0
BRDA:11,1,0,0
BRDA:12,2,0,0
BRDA:25,3,0,0
BRDA:30,4,0,0
BRDA:51,5,0,0
BRDA:55,6,0,0
BRDA:55,6,1,0
BRDA:75,7,0,0
BRDA:84,8,0,0
BRDA:84,8,1,0
BRF:11
BRH:0
end_of_record
TN:
SF:src/utils/tokenUtils.ts
FN:14,getTokenFromDatabase
FN:50,refreshQuickBooksToken
FN:111,getValidAccessToken
FN:140,saveTokensToDatabase
FN:162,deleteTokens
FNF:5
FNH:0
FNDA:0,getTokenFromDatabase
FNDA:0,refreshQuickBooksToken
FNDA:0,getValidAccessToken
FNDA:0,saveTokensToDatabase
FNDA:0,deleteTokens
DA:2,0
DA:14,0
DA:15,0
DA:17,0
DA:22,0
DA:23,0
DA:24,0
DA:25,0
DA:27,0
DA:28,0
DA:31,0
DA:38,0
DA:39,0
DA:40,0
DA:41,0
DA:43,0
DA:50,0
DA:51,0
DA:53,0
DA:54,0
DA:55,0
DA:56,0
DA:59,0
DA:60,0
DA:61,0
DA:66,0
DA:68,0
DA:69,0
DA:78,0
DA:80,0
DA:81,0
DA:82,0
DA:83,0
DA:86,0
DA:87,0
DA:89,0
DA:96,0
DA:97,0
DA:98,0
DA:100,0
DA:102,0
DA:103,0
DA:111,0
DA:112,0
DA:114,0
DA:115,0
DA:116,0
DA:117,0
DA:120,0
DA:121,0
DA:122,0
DA:124,0
DA:127,0
DA:128,0
DA:129,0
DA:130,0
DA:133,0
DA:134,0
DA:140,0
DA:141,0
DA:143,0
DA:153,0
DA:154,0
DA:155,0
DA:158,0
DA:162,0
DA:163,0
DA:165,0
DA:170,0
DA:171,0
DA:172,0
DA:175,0
DA:179,0
DA:180,0
LF:74
LH:0
BRDA:22,0,0,0
BRDA:23,1,0,0
BRDA:54,2,0,0
BRDA:80,3,0,0
BRDA:115,4,0,0
BRDA:127,5,0,0
BRDA:130,6,0,0
BRDA:130,6,1,0
BRDA:153,7,0,0
BRDA:170,8,0,0
BRF:10
BRH:0
end_of_record
